<?xml version="1.0" encoding="UTF-8"?>
<testsuites>
  <testsuite name="C:\Users\egony\Herd\tesotunes-api\phpunit.xml" tests="184" assertions="676" errors="0" failures="0" skipped="0" time="13.381146">
    <testsuite name="Feature" tests="184" assertions="676" errors="0" failures="0" skipped="0" time="13.381146">
      <testsuite name="Tests\Feature\Api\ResponseStandardization\AdminApiStandardizationTest" file="Admin Api Standardization (Tests\Feature\Api\ResponseStandardization\AdminApiStandardization)" tests="6" assertions="24" errors="0" failures="0" skipped="0" time="1.566877">
        <testcase name="Dashboard stats returns data wrapper" file="Admin Api Standardization (Tests\Feature\Api\ResponseStandardization\AdminApiStandardization)::Dashboard stats returns data wrapper" class="Tests\Feature\Api\ResponseStandardization\AdminApiStandardizationTest" classname="Tests.Feature.Api.ResponseStandardization.AdminApiStandardizationTest" assertions="3" time="1.204841"/>
        <testcase name="Dashboard stats contains no success key" file="Admin Api Standardization (Tests\Feature\Api\ResponseStandardization\AdminApiStandardization)::Dashboard stats contains no success key" class="Tests\Feature\Api\ResponseStandardization\AdminApiStandardizationTest" classname="Tests.Feature.Api.ResponseStandardization.AdminApiStandardizationTest" assertions="2" time="0.089433"/>
        <testcase name="Admin users returns paginated data" file="Admin Api Standardization (Tests\Feature\Api\ResponseStandardization\AdminApiStandardization)::Admin users returns paginated data" class="Tests\Feature\Api\ResponseStandardization\AdminApiStandardizationTest" classname="Tests.Feature.Api.ResponseStandardization.AdminApiStandardizationTest" assertions="4" time="0.068886"/>
        <testcase name="Admin artists returns paginated data" file="Admin Api Standardization (Tests\Feature\Api\ResponseStandardization\AdminApiStandardization)::Admin artists returns paginated data" class="Tests\Feature\Api\ResponseStandardization\AdminApiStandardizationTest" classname="Tests.Feature.Api.ResponseStandardization.AdminApiStandardizationTest" assertions="4" time="0.078505"/>
        <testcase name="Admin settings returns data wrapper" file="Admin Api Standardization (Tests\Feature\Api\ResponseStandardization\AdminApiStandardization)::Admin settings returns data wrapper" class="Tests\Feature\Api\ResponseStandardization\AdminApiStandardizationTest" classname="Tests.Feature.Api.ResponseStandardization.AdminApiStandardizationTest" assertions="2" time="0.061215"/>
        <testcase name="Admin endpoints return json for unauthenticated" file="Admin Api Standardization (Tests\Feature\Api\ResponseStandardization\AdminApiStandardization)::Admin endpoints return json for unauthenticated" class="Tests\Feature\Api\ResponseStandardization\AdminApiStandardizationTest" classname="Tests.Feature.Api.ResponseStandardization.AdminApiStandardizationTest" assertions="9" time="0.063998"/>
      </testsuite>
      <testsuite name="Tests\Feature\Api\ResponseStandardization\AlbumApiTest" file="Album Api (Tests\Feature\Api\ResponseStandardization\AlbumApi)" tests="7" assertions="37" errors="0" failures="0" skipped="0" time="0.485830">
        <testcase name="List albums returns data wrapper" file="Album Api (Tests\Feature\Api\ResponseStandardization\AlbumApi)::List albums returns data wrapper" class="Tests\Feature\Api\ResponseStandardization\AlbumApiTest" classname="Tests.Feature.Api.ResponseStandardization.AlbumApiTest" assertions="3" time="0.102234"/>
        <testcase name="List albums returns pagination meta" file="Album Api (Tests\Feature\Api\ResponseStandardization\AlbumApi)::List albums returns pagination meta" class="Tests\Feature\Api\ResponseStandardization\AlbumApiTest" classname="Tests.Feature.Api.ResponseStandardization.AlbumApiTest" assertions="8" time="0.056924"/>
        <testcase name="Show album by slug returns resource" file="Album Api (Tests\Feature\Api\ResponseStandardization\AlbumApi)::Show album by slug returns resource" class="Tests\Feature\Api\ResponseStandardization\AlbumApiTest" classname="Tests.Feature.Api.ResponseStandardization.AlbumApiTest" assertions="7" time="0.075545"/>
        <testcase name="Show album by id returns resource" file="Album Api (Tests\Feature\Api\ResponseStandardization\AlbumApi)::Show album by id returns resource" class="Tests\Feature\Api\ResponseStandardization\AlbumApiTest" classname="Tests.Feature.Api.ResponseStandardization.AlbumApiTest" assertions="5" time="0.059765"/>
        <testcase name="Album not found returns json 404" file="Album Api (Tests\Feature\Api\ResponseStandardization\AlbumApi)::Album not found returns json 404" class="Tests\Feature\Api\ResponseStandardization\AlbumApiTest" classname="Tests.Feature.Api.ResponseStandardization.AlbumApiTest" assertions="4" time="0.053329"/>
        <testcase name="Album tracks returns response" file="Album Api (Tests\Feature\Api\ResponseStandardization\AlbumApi)::Album tracks returns response" class="Tests\Feature\Api\ResponseStandardization\AlbumApiTest" classname="Tests.Feature.Api.ResponseStandardization.AlbumApiTest" assertions="2" time="0.077793"/>
        <testcase name="Album responses contain no success key" file="Album Api (Tests\Feature\Api\ResponseStandardization\AlbumApi)::Album responses contain no success key" class="Tests\Feature\Api\ResponseStandardization\AlbumApiTest" classname="Tests.Feature.Api.ResponseStandardization.AlbumApiTest" assertions="8" time="0.060240"/>
      </testsuite>
      <testsuite name="Tests\Feature\Api\ResponseStandardization\ArtistApiTest" file="Artist Api (Tests\Feature\Api\ResponseStandardization\ArtistApi)" tests="8" assertions="47" errors="0" failures="0" skipped="0" time="0.484069">
        <testcase name="List artists returns data wrapper" file="Artist Api (Tests\Feature\Api\ResponseStandardization\ArtistApi)::List artists returns data wrapper" class="Tests\Feature\Api\ResponseStandardization\ArtistApiTest" classname="Tests.Feature.Api.ResponseStandardization.ArtistApiTest" assertions="6" time="0.069290"/>
        <testcase name="List artists returns pagination meta" file="Artist Api (Tests\Feature\Api\ResponseStandardization\ArtistApi)::List artists returns pagination meta" class="Tests\Feature\Api\ResponseStandardization\ArtistApiTest" classname="Tests.Feature.Api.ResponseStandardization.ArtistApiTest" assertions="8" time="0.057889"/>
        <testcase name="Show artist returns resource" file="Artist Api (Tests\Feature\Api\ResponseStandardization\ArtistApi)::Show artist returns resource" class="Tests\Feature\Api\ResponseStandardization\ArtistApiTest" classname="Tests.Feature.Api.ResponseStandardization.ArtistApiTest" assertions="8" time="0.060767"/>
        <testcase name="Artist not found returns json 404" file="Artist Api (Tests\Feature\Api\ResponseStandardization\ArtistApi)::Artist not found returns json 404" class="Tests\Feature\Api\ResponseStandardization\ArtistApiTest" classname="Tests.Feature.Api.ResponseStandardization.ArtistApiTest" assertions="4" time="0.060456"/>
        <testcase name="Artist songs returns paginated response" file="Artist Api (Tests\Feature\Api\ResponseStandardization\ArtistApi)::Artist songs returns paginated response" class="Tests\Feature\Api\ResponseStandardization\ArtistApiTest" classname="Tests.Feature.Api.ResponseStandardization.ArtistApiTest" assertions="7" time="0.057383"/>
        <testcase name="Artist albums returns paginated response" file="Artist Api (Tests\Feature\Api\ResponseStandardization\ArtistApi)::Artist albums returns paginated response" class="Tests\Feature\Api\ResponseStandardization\ArtistApiTest" classname="Tests.Feature.Api.ResponseStandardization.ArtistApiTest" assertions="7" time="0.070052"/>
        <testcase name="Artist responses contain no success key" file="Artist Api (Tests\Feature\Api\ResponseStandardization\ArtistApi)::Artist responses contain no success key" class="Tests\Feature\Api\ResponseStandardization\ArtistApiTest" classname="Tests.Feature.Api.ResponseStandardization.ArtistApiTest" assertions="4" time="0.058956"/>
        <testcase name="Artists return json content type" file="Artist Api (Tests\Feature\Api\ResponseStandardization\ArtistApi)::Artists return json content type" class="Tests\Feature\Api\ResponseStandardization\ArtistApiTest" classname="Tests.Feature.Api.ResponseStandardization.ArtistApiTest" assertions="3" time="0.049275"/>
      </testsuite>
      <testsuite name="Tests\Feature\Api\ResponseStandardization\AuthApiTest" file="Auth Api (Tests\Feature\Api\ResponseStandardization\AuthApi)" tests="7" assertions="32" errors="0" failures="0" skipped="0" time="1.405319">
        <testcase name="Login returns json not redirect" file="Auth Api (Tests\Feature\Api\ResponseStandardization\AuthApi)::Login returns json not redirect" class="Tests\Feature\Api\ResponseStandardization\AuthApiTest" classname="Tests.Feature.Api.ResponseStandardization.AuthApiTest" assertions="6" time="0.729900"/>
        <testcase name="Login invalid credentials returns json error" file="Auth Api (Tests\Feature\Api\ResponseStandardization\AuthApi)::Login invalid credentials returns json error" class="Tests\Feature\Api\ResponseStandardization\AuthApiTest" classname="Tests.Feature.Api.ResponseStandardization.AuthApiTest" assertions="4" time="0.041832"/>
        <testcase name="Register returns json not redirect" file="Auth Api (Tests\Feature\Api\ResponseStandardization\AuthApi)::Register returns json not redirect" class="Tests\Feature\Api\ResponseStandardization\AuthApiTest" classname="Tests.Feature.Api.ResponseStandardization.AuthApiTest" assertions="6" time="0.355941"/>
        <testcase name="Register validation returns json errors" file="Auth Api (Tests\Feature\Api\ResponseStandardization\AuthApi)::Register validation returns json errors" class="Tests\Feature\Api\ResponseStandardization\AuthApiTest" classname="Tests.Feature.Api.ResponseStandardization.AuthApiTest" assertions="5" time="0.042001"/>
        <testcase name="User profile returns resource" file="Auth Api (Tests\Feature\Api\ResponseStandardization\AuthApi)::User profile returns resource" class="Tests\Feature\Api\ResponseStandardization\AuthApiTest" classname="Tests.Feature.Api.ResponseStandardization.AuthApiTest" assertions="4" time="0.129010"/>
        <testcase name="User profile unauthenticated returns json 401" file="Auth Api (Tests\Feature\Api\ResponseStandardization\AuthApi)::User profile unauthenticated returns json 401" class="Tests\Feature\Api\ResponseStandardization\AuthApiTest" classname="Tests.Feature.Api.ResponseStandardization.AuthApiTest" assertions="4" time="0.048867"/>
        <testcase name="User library returns data wrapper" file="Auth Api (Tests\Feature\Api\ResponseStandardization\AuthApi)::User library returns data wrapper" class="Tests\Feature\Api\ResponseStandardization\AuthApiTest" classname="Tests.Feature.Api.ResponseStandardization.AuthApiTest" assertions="3" time="0.057769"/>
      </testsuite>
      <testsuite name="Tests\Feature\Api\ResponseStandardization\AwardsApiTest" file="tests\Feature\Api\ResponseStandardization\AwardsApiTest.php" tests="12" assertions="23" errors="0" failures="0" skipped="0" time="0.696704">
        <testcase name="list awards returns paginated data wrapper" file="tests\Feature\Api\ResponseStandardization\AwardsApiTest.php::list awards returns paginated data wrapper" class="Tests\Feature\Api\ResponseStandardization\AwardsApiTest" classname="Tests.Feature.Api.ResponseStandardization.AwardsApiTest" assertions="3" time="0.089733"/>
        <testcase name="awards contain no success key" file="tests\Feature\Api\ResponseStandardization\AwardsApiTest.php::awards contain no success key" class="Tests\Feature\Api\ResponseStandardization\AwardsApiTest" classname="Tests.Feature.Api.ResponseStandardization.AwardsApiTest" assertions="2" time="0.043019"/>
        <testcase name="awards return json content type" file="tests\Feature\Api\ResponseStandardization\AwardsApiTest.php::awards return json content type" class="Tests\Feature\Api\ResponseStandardization\AwardsApiTest" classname="Tests.Feature.Api.ResponseStandardization.AwardsApiTest" assertions="1" time="0.061616"/>
        <testcase name="current season returns data or 404 json" file="tests\Feature\Api\ResponseStandardization\AwardsApiTest.php::current season returns data or 404 json" class="Tests\Feature\Api\ResponseStandardization\AwardsApiTest" classname="Tests.Feature.Api.ResponseStandardization.AwardsApiTest" assertions="2" time="0.049612"/>
        <testcase name="award show returns single resource" file="tests\Feature\Api\ResponseStandardization\AwardsApiTest.php::award show returns single resource" class="Tests\Feature\Api\ResponseStandardization\AwardsApiTest" classname="Tests.Feature.Api.ResponseStandardization.AwardsApiTest" assertions="1" time="0.038448"/>
        <testcase name="award categories returns collection" file="tests\Feature\Api\ResponseStandardization\AwardsApiTest.php::award categories returns collection" class="Tests\Feature\Api\ResponseStandardization\AwardsApiTest" classname="Tests.Feature.Api.ResponseStandardization.AwardsApiTest" assertions="1" time="0.045796"/>
        <testcase name="award nominations returns paginated collection" file="tests\Feature\Api\ResponseStandardization\AwardsApiTest.php::award nominations returns paginated collection" class="Tests\Feature\Api\ResponseStandardization\AwardsApiTest" classname="Tests.Feature.Api.ResponseStandardization.AwardsApiTest" assertions="1" time="0.048070"/>
        <testcase name="award results returns data wrapper" file="tests\Feature\Api\ResponseStandardization\AwardsApiTest.php::award results returns data wrapper" class="Tests\Feature\Api\ResponseStandardization\AwardsApiTest" classname="Tests.Feature.Api.ResponseStandardization.AwardsApiTest" assertions="1" time="0.052087"/>
        <testcase name="vote requires authentication" file="tests\Feature\Api\ResponseStandardization\AwardsApiTest.php::vote requires authentication" class="Tests\Feature\Api\ResponseStandardization\AwardsApiTest" classname="Tests.Feature.Api.ResponseStandardization.AwardsApiTest" assertions="3" time="0.049825"/>
        <testcase name="nomination requires authentication" file="tests\Feature\Api\ResponseStandardization\AwardsApiTest.php::nomination requires authentication" class="Tests\Feature\Api\ResponseStandardization\AwardsApiTest" classname="Tests.Feature.Api.ResponseStandardization.AwardsApiTest" assertions="3" time="0.054665"/>
        <testcase name="vote returns data and message on success" file="tests\Feature\Api\ResponseStandardization\AwardsApiTest.php::vote returns data and message on success" class="Tests\Feature\Api\ResponseStandardization\AwardsApiTest" classname="Tests.Feature.Api.ResponseStandardization.AwardsApiTest" assertions="1" time="0.072405"/>
        <testcase name="awards public endpoints do not return html" file="tests\Feature\Api\ResponseStandardization\AwardsApiTest.php::awards public endpoints do not return html" class="Tests\Feature\Api\ResponseStandardization\AwardsApiTest" classname="Tests.Feature.Api.ResponseStandardization.AwardsApiTest" assertions="4" time="0.091428"/>
      </testsuite>
      <testsuite name="Tests\Feature\Api\ResponseStandardization\FeedApiTest" file="tests\Feature\Api\ResponseStandardization\FeedApiTest.php" tests="16" assertions="37" errors="0" failures="0" skipped="0" time="1.390685">
        <testcase name="main feed returns data wrapper" file="tests\Feature\Api\ResponseStandardization\FeedApiTest.php::main feed returns data wrapper" class="Tests\Feature\Api\ResponseStandardization\FeedApiTest" classname="Tests.Feature.Api.ResponseStandardization.FeedApiTest" assertions="1" time="0.111645"/>
        <testcase name="feed tabs returns data array" file="tests\Feature\Api\ResponseStandardization\FeedApiTest.php::feed tabs returns data array" class="Tests\Feature\Api\ResponseStandardization\FeedApiTest" classname="Tests.Feature.Api.ResponseStandardization.FeedApiTest" assertions="3" time="0.076258"/>
        <testcase name="feed discover returns data wrapper" file="tests\Feature\Api\ResponseStandardization\FeedApiTest.php::feed discover returns data wrapper" class="Tests\Feature\Api\ResponseStandardization\FeedApiTest" classname="Tests.Feature.Api.ResponseStandardization.FeedApiTest" assertions="1" time="0.089048"/>
        <testcase name="feed module returns data wrapper" file="tests\Feature\Api\ResponseStandardization\FeedApiTest.php::feed module returns data wrapper" class="Tests\Feature\Api\ResponseStandardization\FeedApiTest" classname="Tests.Feature.Api.ResponseStandardization.FeedApiTest" assertions="1" time="0.095124"/>
        <testcase name="feed show returns single item in data wrapper" file="tests\Feature\Api\ResponseStandardization\FeedApiTest.php::feed show returns single item in data wrapper" class="Tests\Feature\Api\ResponseStandardization\FeedApiTest" classname="Tests.Feature.Api.ResponseStandardization.FeedApiTest" assertions="1" time="0.088458"/>
        <testcase name="for-you feed returns data wrapper" file="tests\Feature\Api\ResponseStandardization\FeedApiTest.php::for-you feed returns data wrapper" class="Tests\Feature\Api\ResponseStandardization\FeedApiTest" classname="Tests.Feature.Api.ResponseStandardization.FeedApiTest" assertions="1" time="0.100171"/>
        <testcase name="following feed returns data wrapper" file="tests\Feature\Api\ResponseStandardization\FeedApiTest.php::following feed returns data wrapper" class="Tests\Feature\Api\ResponseStandardization\FeedApiTest" classname="Tests.Feature.Api.ResponseStandardization.FeedApiTest" assertions="1" time="0.152942"/>
        <testcase name="saved feed returns data wrapper" file="tests\Feature\Api\ResponseStandardization\FeedApiTest.php::saved feed returns data wrapper" class="Tests\Feature\Api\ResponseStandardization\FeedApiTest" classname="Tests.Feature.Api.ResponseStandardization.FeedApiTest" assertions="3" time="0.101478"/>
        <testcase name="feed preferences returns data wrapper" file="tests\Feature\Api\ResponseStandardization\FeedApiTest.php::feed preferences returns data wrapper" class="Tests\Feature\Api\ResponseStandardization\FeedApiTest" classname="Tests.Feature.Api.ResponseStandardization.FeedApiTest" assertions="3" time="0.092677"/>
        <testcase name="feed actions require authentication" file="tests\Feature\Api\ResponseStandardization\FeedApiTest.php::feed actions require authentication" class="Tests\Feature\Api\ResponseStandardization\FeedApiTest" classname="Tests.Feature.Api.ResponseStandardization.FeedApiTest" assertions="10" time="0.104025"/>
        <testcase name="feed save action returns message" file="tests\Feature\Api\ResponseStandardization\FeedApiTest.php::feed save action returns message" class="Tests\Feature\Api\ResponseStandardization\FeedApiTest" classname="Tests.Feature.Api.ResponseStandardization.FeedApiTest" assertions="1" time="0.069416"/>
        <testcase name="feed not-interested action returns message" file="tests\Feature\Api\ResponseStandardization\FeedApiTest.php::feed not-interested action returns message" class="Tests\Feature\Api\ResponseStandardization\FeedApiTest" classname="Tests.Feature.Api.ResponseStandardization.FeedApiTest" assertions="1" time="0.071067"/>
        <testcase name="feed refresh returns json" file="tests\Feature\Api\ResponseStandardization\FeedApiTest.php::feed refresh returns json" class="Tests\Feature\Api\ResponseStandardization\FeedApiTest" classname="Tests.Feature.Api.ResponseStandardization.FeedApiTest" assertions="2" time="0.061563"/>
        <testcase name="feed update preferences returns json" file="tests\Feature\Api\ResponseStandardization\FeedApiTest.php::feed update preferences returns json" class="Tests\Feature\Api\ResponseStandardization\FeedApiTest" classname="Tests.Feature.Api.ResponseStandardization.FeedApiTest" assertions="1" time="0.049056"/>
        <testcase name="feed responses contain no success key" file="tests\Feature\Api\ResponseStandardization\FeedApiTest.php::feed responses contain no success key" class="Tests\Feature\Api\ResponseStandardization\FeedApiTest" classname="Tests.Feature.Api.ResponseStandardization.FeedApiTest" assertions="1" time="0.056214"/>
        <testcase name="all feed endpoints return json not html" file="tests\Feature\Api\ResponseStandardization\FeedApiTest.php::all feed endpoints return json not html" class="Tests\Feature\Api\ResponseStandardization\FeedApiTest" classname="Tests.Feature.Api.ResponseStandardization.FeedApiTest" assertions="6" time="0.071544"/>
      </testsuite>
      <testsuite name="Tests\Feature\Api\ResponseStandardization\ForumApiTest" file="tests\Feature\Api\ResponseStandardization\ForumApiTest.php" tests="10" assertions="20" errors="0" failures="0" skipped="0" time="0.650614">
        <testcase name="forum topics index returns paginated data" file="tests\Feature\Api\ResponseStandardization\ForumApiTest.php::forum topics index returns paginated data" class="Tests\Feature\Api\ResponseStandardization\ForumApiTest" classname="Tests.Feature.Api.ResponseStandardization.ForumApiTest" assertions="3" time="0.086346"/>
        <testcase name="forum stats returns data wrapper" file="tests\Feature\Api\ResponseStandardization\ForumApiTest.php::forum stats returns data wrapper" class="Tests\Feature\Api\ResponseStandardization\ForumApiTest" classname="Tests.Feature.Api.ResponseStandardization.ForumApiTest" assertions="2" time="0.067632"/>
        <testcase name="forum categories returns data wrapper" file="tests\Feature\Api\ResponseStandardization\ForumApiTest.php::forum categories returns data wrapper" class="Tests\Feature\Api\ResponseStandardization\ForumApiTest" classname="Tests.Feature.Api.ResponseStandardization.ForumApiTest" assertions="2" time="0.069914"/>
        <testcase name="forum show returns single resource" file="tests\Feature\Api\ResponseStandardization\ForumApiTest.php::forum show returns single resource" class="Tests\Feature\Api\ResponseStandardization\ForumApiTest" classname="Tests.Feature.Api.ResponseStandardization.ForumApiTest" assertions="1" time="0.069606"/>
        <testcase name="forum replies returns paginated collection" file="tests\Feature\Api\ResponseStandardization\ForumApiTest.php::forum replies returns paginated collection" class="Tests\Feature\Api\ResponseStandardization\ForumApiTest" classname="Tests.Feature.Api.ResponseStandardization.ForumApiTest" assertions="1" time="0.059980"/>
        <testcase name="forum responses contain no success key" file="tests\Feature\Api\ResponseStandardization\ForumApiTest.php::forum responses contain no success key" class="Tests\Feature\Api\ResponseStandardization\ForumApiTest" classname="Tests.Feature.Api.ResponseStandardization.ForumApiTest" assertions="6" time="0.074602"/>
        <testcase name="forum delete returns json message" file="tests\Feature\Api\ResponseStandardization\ForumApiTest.php::forum delete returns json message" class="Tests\Feature\Api\ResponseStandardization\ForumApiTest" classname="Tests.Feature.Api.ResponseStandardization.ForumApiTest" assertions="2" time="0.058631"/>
        <testcase name="forum toggle pin returns json" file="tests\Feature\Api\ResponseStandardization\ForumApiTest.php::forum toggle pin returns json" class="Tests\Feature\Api\ResponseStandardization\ForumApiTest" classname="Tests.Feature.Api.ResponseStandardization.ForumApiTest" assertions="1" time="0.053650"/>
        <testcase name="forum toggle lock returns json" file="tests\Feature\Api\ResponseStandardization\ForumApiTest.php::forum toggle lock returns json" class="Tests\Feature\Api\ResponseStandardization\ForumApiTest" classname="Tests.Feature.Api.ResponseStandardization.ForumApiTest" assertions="1" time="0.061425"/>
        <testcase name="forum endpoints return json content type" file="tests\Feature\Api\ResponseStandardization\ForumApiTest.php::forum endpoints return json content type" class="Tests\Feature\Api\ResponseStandardization\ForumApiTest" classname="Tests.Feature.Api.ResponseStandardization.ForumApiTest" assertions="1" time="0.048828"/>
      </testsuite>
      <testsuite name="Tests\Feature\Api\ResponseStandardization\GenreApiTest" file="Genre Api (Tests\Feature\Api\ResponseStandardization\GenreApi)" tests="9" assertions="55" errors="0" failures="0" skipped="0" time="0.492918">
        <testcase name="List genres returns data wrapper" file="Genre Api (Tests\Feature\Api\ResponseStandardization\GenreApi)::List genres returns data wrapper" class="Tests\Feature\Api\ResponseStandardization\GenreApiTest" classname="Tests.Feature.Api.ResponseStandardization.GenreApiTest" assertions="16" time="0.074549"/>
        <testcase name="List genres returns json content type" file="Genre Api (Tests\Feature\Api\ResponseStandardization\GenreApi)::List genres returns json content type" class="Tests\Feature\Api\ResponseStandardization\GenreApiTest" classname="Tests.Feature.Api.ResponseStandardization.GenreApiTest" assertions="3" time="0.050902"/>
        <testcase name="Show genre by id returns resource" file="Genre Api (Tests\Feature\Api\ResponseStandardization\GenreApi)::Show genre by id returns resource" class="Tests\Feature\Api\ResponseStandardization\GenreApiTest" classname="Tests.Feature.Api.ResponseStandardization.GenreApiTest" assertions="7" time="0.052074"/>
        <testcase name="Show genre by slug returns resource" file="Genre Api (Tests\Feature\Api\ResponseStandardization\GenreApi)::Show genre by slug returns resource" class="Tests\Feature\Api\ResponseStandardization\GenreApiTest" classname="Tests.Feature.Api.ResponseStandardization.GenreApiTest" assertions="5" time="0.044784"/>
        <testcase name="Genre not found returns json 404" file="Genre Api (Tests\Feature\Api\ResponseStandardization\GenreApi)::Genre not found returns json 404" class="Tests\Feature\Api\ResponseStandardization\GenreApiTest" classname="Tests.Feature.Api.ResponseStandardization.GenreApiTest" assertions="4" time="0.052307"/>
        <testcase name="Genre songs returns paginated response" file="Genre Api (Tests\Feature\Api\ResponseStandardization\GenreApi)::Genre songs returns paginated response" class="Tests\Feature\Api\ResponseStandardization\GenreApiTest" classname="Tests.Feature.Api.ResponseStandardization.GenreApiTest" assertions="4" time="0.056474"/>
        <testcase name="Genre artists returns paginated response" file="Genre Api (Tests\Feature\Api\ResponseStandardization\GenreApi)::Genre artists returns paginated response" class="Tests\Feature\Api\ResponseStandardization\GenreApiTest" classname="Tests.Feature.Api.ResponseStandardization.GenreApiTest" assertions="2" time="0.060698"/>
        <testcase name="Genre albums returns paginated response" file="Genre Api (Tests\Feature\Api\ResponseStandardization\GenreApi)::Genre albums returns paginated response" class="Tests\Feature\Api\ResponseStandardization\GenreApiTest" classname="Tests.Feature.Api.ResponseStandardization.GenreApiTest" assertions="2" time="0.042686"/>
        <testcase name="Genre responses never contain success key" file="Genre Api (Tests\Feature\Api\ResponseStandardization\GenreApi)::Genre responses never contain success key" class="Tests\Feature\Api\ResponseStandardization\GenreApiTest" classname="Tests.Feature.Api.ResponseStandardization.GenreApiTest" assertions="12" time="0.058444"/>
      </testsuite>
      <testsuite name="Tests\Feature\Api\ResponseStandardization\HealthCheckApiTest" file="Health Check Api (Tests\Feature\Api\ResponseStandardization\HealthCheckApi)" tests="2" assertions="6" errors="0" failures="0" skipped="0" time="0.101944">
        <testcase name="Health check returns json" file="Health Check Api (Tests\Feature\Api\ResponseStandardization\HealthCheckApi)::Health check returns json" class="Tests\Feature\Api\ResponseStandardization\HealthCheckApiTest" classname="Tests.Feature.Api.ResponseStandardization.HealthCheckApiTest" assertions="3" time="0.044568"/>
        <testcase name="Detailed health check returns json" file="Health Check Api (Tests\Feature\Api\ResponseStandardization\HealthCheckApi)::Detailed health check returns json" class="Tests\Feature\Api\ResponseStandardization\HealthCheckApiTest" classname="Tests.Feature.Api.ResponseStandardization.HealthCheckApiTest" assertions="3" time="0.057375"/>
      </testsuite>
      <testsuite name="Tests\Feature\Api\ResponseStandardization\NotificationApiTest" file="Notification Api (Tests\Feature\Api\ResponseStandardization\NotificationApi)" tests="6" assertions="23" errors="0" failures="0" skipped="0" time="0.324505">
        <testcase name="List notifications returns paginated data" file="Notification Api (Tests\Feature\Api\ResponseStandardization\NotificationApi)::List notifications returns paginated data" class="Tests\Feature\Api\ResponseStandardization\NotificationApiTest" classname="Tests.Feature.Api.ResponseStandardization.NotificationApiTest" assertions="7" time="0.066751"/>
        <testcase name="Notifications uses data key not notifications key" file="Notification Api (Tests\Feature\Api\ResponseStandardization\NotificationApi)::Notifications uses data key not notifications key" class="Tests\Feature\Api\ResponseStandardization\NotificationApiTest" classname="Tests.Feature.Api.ResponseStandardization.NotificationApiTest" assertions="3" time="0.041344"/>
        <testcase name="Notifications uses meta not pagination key" file="Notification Api (Tests\Feature\Api\ResponseStandardization\NotificationApi)::Notifications uses meta not pagination key" class="Tests\Feature\Api\ResponseStandardization\NotificationApiTest" classname="Tests.Feature.Api.ResponseStandardization.NotificationApiTest" assertions="3" time="0.070022"/>
        <testcase name="Unread counts returns data wrapper" file="Notification Api (Tests\Feature\Api\ResponseStandardization\NotificationApi)::Unread counts returns data wrapper" class="Tests\Feature\Api\ResponseStandardization\NotificationApiTest" classname="Tests.Feature.Api.ResponseStandardization.NotificationApiTest" assertions="3" time="0.043031"/>
        <testcase name="Notifications unauthenticated returns json 401" file="Notification Api (Tests\Feature\Api\ResponseStandardization\NotificationApi)::Notifications unauthenticated returns json 401" class="Tests\Feature\Api\ResponseStandardization\NotificationApiTest" classname="Tests.Feature.Api.ResponseStandardization.NotificationApiTest" assertions="4" time="0.052098"/>
        <testcase name="Mark all read returns json" file="Notification Api (Tests\Feature\Api\ResponseStandardization\NotificationApi)::Mark all read returns json" class="Tests\Feature\Api\ResponseStandardization\NotificationApiTest" classname="Tests.Feature.Api.ResponseStandardization.NotificationApiTest" assertions="3" time="0.051259"/>
      </testsuite>
      <testsuite name="Tests\Feature\Api\ResponseStandardization\OjokoTauApiTest" file="tests\Feature\Api\ResponseStandardization\OjokoTauApiTest.php" tests="9" assertions="15" errors="0" failures="0" skipped="0" time="0.529726">
        <testcase name="campaigns index returns paginated data wrapper" file="tests\Feature\Api\ResponseStandardization\OjokoTauApiTest.php::campaigns index returns paginated data wrapper" class="Tests\Feature\Api\ResponseStandardization\OjokoTauApiTest" classname="Tests.Feature.Api.ResponseStandardization.OjokoTauApiTest" assertions="3" time="0.062343"/>
        <testcase name="campaigns stats returns data wrapper" file="tests\Feature\Api\ResponseStandardization\OjokoTauApiTest.php::campaigns stats returns data wrapper" class="Tests\Feature\Api\ResponseStandardization\OjokoTauApiTest" classname="Tests.Feature.Api.ResponseStandardization.OjokoTauApiTest" assertions="2" time="0.048215"/>
        <testcase name="campaigns show returns single resource in data wrapper" file="tests\Feature\Api\ResponseStandardization\OjokoTauApiTest.php::campaigns show returns single resource in data wrapper" class="Tests\Feature\Api\ResponseStandardization\OjokoTauApiTest" classname="Tests.Feature.Api.ResponseStandardization.OjokoTauApiTest" assertions="1" time="0.061882"/>
        <testcase name="campaigns responses contain no success key" file="tests\Feature\Api\ResponseStandardization\OjokoTauApiTest.php::campaigns responses contain no success key" class="Tests\Feature\Api\ResponseStandardization\OjokoTauApiTest" classname="Tests.Feature.Api.ResponseStandardization.OjokoTauApiTest" assertions="4" time="0.072437"/>
        <testcase name="campaigns return json content type" file="tests\Feature\Api\ResponseStandardization\OjokoTauApiTest.php::campaigns return json content type" class="Tests\Feature\Api\ResponseStandardization\OjokoTauApiTest" classname="Tests.Feature.Api.ResponseStandardization.OjokoTauApiTest" assertions="1" time="0.048639"/>
        <testcase name="campaign create returns 201 with data wrapper" file="tests\Feature\Api\ResponseStandardization\OjokoTauApiTest.php::campaign create returns 201 with data wrapper" class="Tests\Feature\Api\ResponseStandardization\OjokoTauApiTest" classname="Tests.Feature.Api.ResponseStandardization.OjokoTauApiTest" assertions="1" time="0.050215"/>
        <testcase name="campaign pledges returns paginated collection" file="tests\Feature\Api\ResponseStandardization\OjokoTauApiTest.php::campaign pledges returns paginated collection" class="Tests\Feature\Api\ResponseStandardization\OjokoTauApiTest" classname="Tests.Feature.Api.ResponseStandardization.OjokoTauApiTest" assertions="1" time="0.053399"/>
        <testcase name="campaign updates returns paginated collection" file="tests\Feature\Api\ResponseStandardization\OjokoTauApiTest.php::campaign updates returns paginated collection" class="Tests\Feature\Api\ResponseStandardization\OjokoTauApiTest" classname="Tests.Feature.Api.ResponseStandardization.OjokoTauApiTest" assertions="1" time="0.074770"/>
        <testcase name="campaign delete returns message" file="tests\Feature\Api\ResponseStandardization\OjokoTauApiTest.php::campaign delete returns message" class="Tests\Feature\Api\ResponseStandardization\OjokoTauApiTest" classname="Tests.Feature.Api.ResponseStandardization.OjokoTauApiTest" assertions="1" time="0.057827"/>
      </testsuite>
      <testsuite name="Tests\Feature\Api\ResponseStandardization\PlayerApiStandardizationTest" file="Player Api Standardization (Tests\Feature\Api\ResponseStandardization\PlayerApiStandardization)" tests="4" assertions="11" errors="0" failures="0" skipped="0" time="0.281828">
        <testcase name="Record play returns json not redirect" file="Player Api Standardization (Tests\Feature\Api\ResponseStandardization\PlayerApiStandardization)::Record play returns json not redirect" class="Tests\Feature\Api\ResponseStandardization\PlayerApiStandardizationTest" classname="Tests.Feature.Api.ResponseStandardization.PlayerApiStandardizationTest" assertions="3" time="0.116703"/>
        <testcase name="Record play contains no success key" file="Player Api Standardization (Tests\Feature\Api\ResponseStandardization\PlayerApiStandardization)::Record play contains no success key" class="Tests\Feature\Api\ResponseStandardization\PlayerApiStandardizationTest" classname="Tests.Feature.Api.ResponseStandardization.PlayerApiStandardizationTest" assertions="2" time="0.053098"/>
        <testcase name="Update now playing returns json" file="Player Api Standardization (Tests\Feature\Api\ResponseStandardization\PlayerApiStandardization)::Update now playing returns json" class="Tests\Feature\Api\ResponseStandardization\PlayerApiStandardizationTest" classname="Tests.Feature.Api.ResponseStandardization.PlayerApiStandardizationTest" assertions="2" time="0.049143"/>
        <testcase name="Player unauthenticated returns json 401" file="Player Api Standardization (Tests\Feature\Api\ResponseStandardization\PlayerApiStandardization)::Player unauthenticated returns json 401" class="Tests\Feature\Api\ResponseStandardization\PlayerApiStandardizationTest" classname="Tests.Feature.Api.ResponseStandardization.PlayerApiStandardizationTest" assertions="4" time="0.062884"/>
      </testsuite>
      <testsuite name="Tests\Feature\Api\ResponseStandardization\PlaylistApiTest" file="Playlist Api (Tests\Feature\Api\ResponseStandardization\PlaylistApi)" tests="8" assertions="41" errors="0" failures="0" skipped="0" time="0.574881">
        <testcase name="List playlists returns data wrapper" file="Playlist Api (Tests\Feature\Api\ResponseStandardization\PlaylistApi)::List playlists returns data wrapper" class="Tests\Feature\Api\ResponseStandardization\PlaylistApiTest" classname="Tests.Feature.Api.ResponseStandardization.PlaylistApiTest" assertions="6" time="0.078112"/>
        <testcase name="List playlists returns pagination meta" file="Playlist Api (Tests\Feature\Api\ResponseStandardization\PlaylistApi)::List playlists returns pagination meta" class="Tests\Feature\Api\ResponseStandardization\PlaylistApiTest" classname="Tests.Feature.Api.ResponseStandardization.PlaylistApiTest" assertions="8" time="0.092924"/>
        <testcase name="Featured playlists returns data wrapper" file="Playlist Api (Tests\Feature\Api\ResponseStandardization\PlaylistApi)::Featured playlists returns data wrapper" class="Tests\Feature\Api\ResponseStandardization\PlaylistApiTest" classname="Tests.Feature.Api.ResponseStandardization.PlaylistApiTest" assertions="2" time="0.092664"/>
        <testcase name="Show playlist returns resource" file="Playlist Api (Tests\Feature\Api\ResponseStandardization\PlaylistApi)::Show playlist returns resource" class="Tests\Feature\Api\ResponseStandardization\PlaylistApiTest" classname="Tests.Feature.Api.ResponseStandardization.PlaylistApiTest" assertions="6" time="0.069110"/>
        <testcase name="Playlist not found returns json 404" file="Playlist Api (Tests\Feature\Api\ResponseStandardization\PlaylistApi)::Playlist not found returns json 404" class="Tests\Feature\Api\ResponseStandardization\PlaylistApiTest" classname="Tests.Feature.Api.ResponseStandardization.PlaylistApiTest" assertions="4" time="0.046214"/>
        <testcase name="Playlist tracks returns data wrapper" file="Playlist Api (Tests\Feature\Api\ResponseStandardization\PlaylistApi)::Playlist tracks returns data wrapper" class="Tests\Feature\Api\ResponseStandardization\PlaylistApiTest" classname="Tests.Feature.Api.ResponseStandardization.PlaylistApiTest" assertions="2" time="0.049163"/>
        <testcase name="Playlist responses contain no success key" file="Playlist Api (Tests\Feature\Api\ResponseStandardization\PlaylistApi)::Playlist responses contain no success key" class="Tests\Feature\Api\ResponseStandardization\PlaylistApiTest" classname="Tests.Feature.Api.ResponseStandardization.PlaylistApiTest" assertions="6" time="0.065454"/>
        <testcase name="Create playlist returns resource" file="Playlist Api (Tests\Feature\Api\ResponseStandardization\PlaylistApi)::Create playlist returns resource" class="Tests\Feature\Api\ResponseStandardization\PlaylistApiTest" classname="Tests.Feature.Api.ResponseStandardization.PlaylistApiTest" assertions="7" time="0.081241"/>
      </testsuite>
      <testsuite name="Tests\Feature\Api\ResponseStandardization\PodcastApiTest" file="Podcast Api (Tests\Feature\Api\ResponseStandardization\PodcastApi)" tests="6" assertions="26" errors="0" failures="0" skipped="0" time="0.299418">
        <testcase name="List podcasts returns paginated data" file="Podcast Api (Tests\Feature\Api\ResponseStandardization\PodcastApi)::List podcasts returns paginated data" class="Tests\Feature\Api\ResponseStandardization\PodcastApiTest" classname="Tests.Feature.Api.ResponseStandardization.PodcastApiTest" assertions="7" time="0.053796"/>
        <testcase name="Podcast list contains no success key" file="Podcast Api (Tests\Feature\Api\ResponseStandardization\PodcastApi)::Podcast list contains no success key" class="Tests\Feature\Api\ResponseStandardization\PodcastApiTest" classname="Tests.Feature.Api.ResponseStandardization.PodcastApiTest" assertions="3" time="0.043048"/>
        <testcase name="Podcast categories returns data wrapper" file="Podcast Api (Tests\Feature\Api\ResponseStandardization\PodcastApi)::Podcast categories returns data wrapper" class="Tests\Feature\Api\ResponseStandardization\PodcastApiTest" classname="Tests.Feature.Api.ResponseStandardization.PodcastApiTest" assertions="2" time="0.055236"/>
        <testcase name="Trending podcasts returns data wrapper" file="Podcast Api (Tests\Feature\Api\ResponseStandardization\PodcastApi)::Trending podcasts returns data wrapper" class="Tests\Feature\Api\ResponseStandardization\PodcastApiTest" classname="Tests.Feature.Api.ResponseStandardization.PodcastApiTest" assertions="2" time="0.044804"/>
        <testcase name="Podcast search returns data wrapper" file="Podcast Api (Tests\Feature\Api\ResponseStandardization\PodcastApi)::Podcast search returns data wrapper" class="Tests\Feature\Api\ResponseStandardization\PodcastApiTest" classname="Tests.Feature.Api.ResponseStandardization.PodcastApiTest" assertions="3" time="0.054638"/>
        <testcase name="Podcast endpoints return json" file="Podcast Api (Tests\Feature\Api\ResponseStandardization\PodcastApi)::Podcast endpoints return json" class="Tests\Feature\Api\ResponseStandardization\PodcastApiTest" classname="Tests.Feature.Api.ResponseStandardization.PodcastApiTest" assertions="9" time="0.047895"/>
      </testsuite>
      <testsuite name="Tests\Feature\Api\ResponseStandardization\PollsApiTest" file="tests\Feature\Api\ResponseStandardization\PollsApiTest.php" tests="6" assertions="8" errors="0" failures="0" skipped="0" time="0.308989">
        <testcase name="poll results returns data wrapper" file="tests\Feature\Api\ResponseStandardization\PollsApiTest.php::poll results returns data wrapper" class="Tests\Feature\Api\ResponseStandardization\PollsApiTest" classname="Tests.Feature.Api.ResponseStandardization.PollsApiTest" assertions="1" time="0.063863"/>
        <testcase name="poll results contains no success key" file="tests\Feature\Api\ResponseStandardization\PollsApiTest.php::poll results contains no success key" class="Tests\Feature\Api\ResponseStandardization\PollsApiTest" classname="Tests.Feature.Api.ResponseStandardization.PollsApiTest" assertions="2" time="0.047056"/>
        <testcase name="poll vote requires authentication" file="tests\Feature\Api\ResponseStandardization\PollsApiTest.php::poll vote requires authentication" class="Tests\Feature\Api\ResponseStandardization\PollsApiTest" classname="Tests.Feature.Api.ResponseStandardization.PollsApiTest" assertions="2" time="0.046672"/>
        <testcase name="poll vote returns data and message on success" file="tests\Feature\Api\ResponseStandardization\PollsApiTest.php::poll vote returns data and message on success" class="Tests\Feature\Api\ResponseStandardization\PollsApiTest" classname="Tests.Feature.Api.ResponseStandardization.PollsApiTest" assertions="1" time="0.057134"/>
        <testcase name="poll vote validation returns message on error" file="tests\Feature\Api\ResponseStandardization\PollsApiTest.php::poll vote validation returns message on error" class="Tests\Feature\Api\ResponseStandardization\PollsApiTest" classname="Tests.Feature.Api.ResponseStandardization.PollsApiTest" assertions="1" time="0.047773"/>
        <testcase name="poll endpoints return json content type" file="tests\Feature\Api\ResponseStandardization\PollsApiTest.php::poll endpoints return json content type" class="Tests\Feature\Api\ResponseStandardization\PollsApiTest" classname="Tests.Feature.Api.ResponseStandardization.PollsApiTest" assertions="1" time="0.046491"/>
      </testsuite>
      <testsuite name="Tests\Feature\Api\ResponseStandardization\ResponseFormatConsistencyTest" file="Response Format Consistency (Tests\Feature\Api\ResponseStandardization\ResponseFormatConsistency)" tests="9" assertions="157" errors="0" failures="0" skipped="0" time="0.553832">
        <testcase name="All public endpoints return json content type" file="Response Format Consistency (Tests\Feature\Api\ResponseStandardization\ResponseFormatConsistency)::All public endpoints return json content type" class="Tests\Feature\Api\ResponseStandardization\ResponseFormatConsistencyTest" classname="Tests.Feature.Api.ResponseStandardization.ResponseFormatConsistencyTest" assertions="42" time="0.112057"/>
        <testcase name="No endpoint returns success key" file="Response Format Consistency (Tests\Feature\Api\ResponseStandardization\ResponseFormatConsistency)::No endpoint returns success key" class="Tests\Feature\Api\ResponseStandardization\ResponseFormatConsistencyTest" classname="Tests.Feature.Api.ResponseStandardization.ResponseFormatConsistencyTest" assertions="16" time="0.062307"/>
        <testcase name="404 responses are json not html" file="Response Format Consistency (Tests\Feature\Api\ResponseStandardization\ResponseFormatConsistency)::404 responses are json not html" class="Tests\Feature\Api\ResponseStandardization\ResponseFormatConsistencyTest" classname="Tests.Feature.Api.ResponseStandardization.ResponseFormatConsistencyTest" assertions="30" time="0.049185"/>
        <testcase name="Collections use data key not entity names" file="Response Format Consistency (Tests\Feature\Api\ResponseStandardization\ResponseFormatConsistency)::Collections use data key not entity names" class="Tests\Feature\Api\ResponseStandardization\ResponseFormatConsistencyTest" classname="Tests.Feature.Api.ResponseStandardization.ResponseFormatConsistencyTest" assertions="8" time="0.071586"/>
        <testcase name="Paginated endpoints use meta not pagination" file="Response Format Consistency (Tests\Feature\Api\ResponseStandardization\ResponseFormatConsistency)::Paginated endpoints use meta not pagination" class="Tests\Feature\Api\ResponseStandardization\ResponseFormatConsistencyTest" classname="Tests.Feature.Api.ResponseStandardization.ResponseFormatConsistencyTest" assertions="30" time="0.059682"/>
        <testcase name="Auth endpoints return 401 json not redirect" file="Response Format Consistency (Tests\Feature\Api\ResponseStandardization\ResponseFormatConsistency)::Auth endpoints return 401 json not redirect" class="Tests\Feature\Api\ResponseStandardization\ResponseFormatConsistencyTest" classname="Tests.Feature.Api.ResponseStandardization.ResponseFormatConsistencyTest" assertions="20" time="0.045192"/>
        <testcase name="Validation errors use standard format" file="Response Format Consistency (Tests\Feature\Api\ResponseStandardization\ResponseFormatConsistency)::Validation errors use standard format" class="Tests\Feature\Api\ResponseStandardization\ResponseFormatConsistencyTest" classname="Tests.Feature.Api.ResponseStandardization.ResponseFormatConsistencyTest" assertions="4" time="0.049288"/>
        <testcase name="Resources use iso8601 timestamps" file="Response Format Consistency (Tests\Feature\Api\ResponseStandardization\ResponseFormatConsistency)::Resources use iso8601 timestamps" class="Tests\Feature\Api\ResponseStandardization\ResponseFormatConsistencyTest" classname="Tests.Feature.Api.ResponseStandardization.ResponseFormatConsistencyTest" assertions="2" time="0.054744"/>
        <testcase name="Single resources wrapped in data key" file="Response Format Consistency (Tests\Feature\Api\ResponseStandardization\ResponseFormatConsistency)::Single resources wrapped in data key" class="Tests\Feature\Api\ResponseStandardization\ResponseFormatConsistencyTest" classname="Tests.Feature.Api.ResponseStandardization.ResponseFormatConsistencyTest" assertions="5" time="0.049789"/>
      </testsuite>
      <testsuite name="Tests\Feature\Api\ResponseStandardization\SaccoApiTest" file="tests\Feature\Api\ResponseStandardization\SaccoApiTest.php" tests="26" assertions="41" errors="0" failures="0" skipped="0" time="1.511080">
        <testcase name="sacco membership requires authentication" file="tests\Feature\Api\ResponseStandardization\SaccoApiTest.php::sacco membership requires authentication" class="Tests\Feature\Api\ResponseStandardization\SaccoApiTest" classname="Tests.Feature.Api.ResponseStandardization.SaccoApiTest" assertions="3" time="0.046707"/>
        <testcase name="sacco savings requires authentication" file="tests\Feature\Api\ResponseStandardization\SaccoApiTest.php::sacco savings requires authentication" class="Tests\Feature\Api\ResponseStandardization\SaccoApiTest" classname="Tests.Feature.Api.ResponseStandardization.SaccoApiTest" assertions="2" time="0.060501"/>
        <testcase name="sacco loans requires authentication" file="tests\Feature\Api\ResponseStandardization\SaccoApiTest.php::sacco loans requires authentication" class="Tests\Feature\Api\ResponseStandardization\SaccoApiTest" classname="Tests.Feature.Api.ResponseStandardization.SaccoApiTest" assertions="2" time="0.035239"/>
        <testcase name="sacco shares requires authentication" file="tests\Feature\Api\ResponseStandardization\SaccoApiTest.php::sacco shares requires authentication" class="Tests\Feature\Api\ResponseStandardization\SaccoApiTest" classname="Tests.Feature.Api.ResponseStandardization.SaccoApiTest" assertions="2" time="0.049244"/>
        <testcase name="members index returns paginated data" file="tests\Feature\Api\ResponseStandardization\SaccoApiTest.php::members index returns paginated data" class="Tests\Feature\Api\ResponseStandardization\SaccoApiTest" classname="Tests.Feature.Api.ResponseStandardization.SaccoApiTest" assertions="1" time="0.061426"/>
        <testcase name="member show returns data wrapper" file="tests\Feature\Api\ResponseStandardization\SaccoApiTest.php::member show returns data wrapper" class="Tests\Feature\Api\ResponseStandardization\SaccoApiTest" classname="Tests.Feature.Api.ResponseStandardization.SaccoApiTest" assertions="1" time="0.046560"/>
        <testcase name="member registration returns 201 with data and message" file="tests\Feature\Api\ResponseStandardization\SaccoApiTest.php::member registration returns 201 with data and message" class="Tests\Feature\Api\ResponseStandardization\SaccoApiTest" classname="Tests.Feature.Api.ResponseStandardization.SaccoApiTest" assertions="1" time="0.049805"/>
        <testcase name="savings account show returns data wrapper" file="tests\Feature\Api\ResponseStandardization\SaccoApiTest.php::savings account show returns data wrapper" class="Tests\Feature\Api\ResponseStandardization\SaccoApiTest" classname="Tests.Feature.Api.ResponseStandardization.SaccoApiTest" assertions="1" time="0.067706"/>
        <testcase name="savings transactions returns paginated data" file="tests\Feature\Api\ResponseStandardization\SaccoApiTest.php::savings transactions returns paginated data" class="Tests\Feature\Api\ResponseStandardization\SaccoApiTest" classname="Tests.Feature.Api.ResponseStandardization.SaccoApiTest" assertions="1" time="0.054595"/>
        <testcase name="savings balance returns data wrapper" file="tests\Feature\Api\ResponseStandardization\SaccoApiTest.php::savings balance returns data wrapper" class="Tests\Feature\Api\ResponseStandardization\SaccoApiTest" classname="Tests.Feature.Api.ResponseStandardization.SaccoApiTest" assertions="1" time="0.063878"/>
        <testcase name="savings open account returns 201 with data and message" file="tests\Feature\Api\ResponseStandardization\SaccoApiTest.php::savings open account returns 201 with data and message" class="Tests\Feature\Api\ResponseStandardization\SaccoApiTest" classname="Tests.Feature.Api.ResponseStandardization.SaccoApiTest" assertions="1" time="0.060601"/>
        <testcase name="loan show returns data wrapper" file="tests\Feature\Api\ResponseStandardization\SaccoApiTest.php::loan show returns data wrapper" class="Tests\Feature\Api\ResponseStandardization\SaccoApiTest" classname="Tests.Feature.Api.ResponseStandardization.SaccoApiTest" assertions="1" time="0.053005"/>
        <testcase name="member loans returns paginated data" file="tests\Feature\Api\ResponseStandardization\SaccoApiTest.php::member loans returns paginated data" class="Tests\Feature\Api\ResponseStandardization\SaccoApiTest" classname="Tests.Feature.Api.ResponseStandardization.SaccoApiTest" assertions="1" time="0.046450"/>
        <testcase name="loan schedule returns data wrapper" file="tests\Feature\Api\ResponseStandardization\SaccoApiTest.php::loan schedule returns data wrapper" class="Tests\Feature\Api\ResponseStandardization\SaccoApiTest" classname="Tests.Feature.Api.ResponseStandardization.SaccoApiTest" assertions="1" time="0.048876"/>
        <testcase name="loan balance returns data wrapper" file="tests\Feature\Api\ResponseStandardization\SaccoApiTest.php::loan balance returns data wrapper" class="Tests\Feature\Api\ResponseStandardization\SaccoApiTest" classname="Tests.Feature.Api.ResponseStandardization.SaccoApiTest" assertions="1" time="0.055076"/>
        <testcase name="loan apply returns 201 with data and message" file="tests\Feature\Api\ResponseStandardization\SaccoApiTest.php::loan apply returns 201 with data and message" class="Tests\Feature\Api\ResponseStandardization\SaccoApiTest" classname="Tests.Feature.Api.ResponseStandardization.SaccoApiTest" assertions="1" time="0.044277"/>
        <testcase name="shares current value returns data wrapper" file="tests\Feature\Api\ResponseStandardization\SaccoApiTest.php::shares current value returns data wrapper" class="Tests\Feature\Api\ResponseStandardization\SaccoApiTest" classname="Tests.Feature.Api.ResponseStandardization.SaccoApiTest" assertions="1" time="0.054312"/>
        <testcase name="member shares returns data wrapper" file="tests\Feature\Api\ResponseStandardization\SaccoApiTest.php::member shares returns data wrapper" class="Tests\Feature\Api\ResponseStandardization\SaccoApiTest" classname="Tests.Feature.Api.ResponseStandardization.SaccoApiTest" assertions="1" time="0.048867"/>
        <testcase name="sacco reports return data wrapper" file="tests\Feature\Api\ResponseStandardization\SaccoApiTest.php::sacco reports return data wrapper" class="Tests\Feature\Api\ResponseStandardization\SaccoApiTest" classname="Tests.Feature.Api.ResponseStandardization.SaccoApiTest" assertions="6" time="0.083139"/>
        <testcase name="sacco analytics dashboard returns data wrapper" file="tests\Feature\Api\ResponseStandardization\SaccoApiTest.php::sacco analytics dashboard returns data wrapper" class="Tests\Feature\Api\ResponseStandardization\SaccoApiTest" classname="Tests.Feature.Api.ResponseStandardization.SaccoApiTest" assertions="1" time="0.051152"/>
        <testcase name="sacco analytics endpoints return data wrapper" file="tests\Feature\Api\ResponseStandardization\SaccoApiTest.php::sacco analytics endpoints return data wrapper" class="Tests\Feature\Api\ResponseStandardization\SaccoApiTest" classname="Tests.Feature.Api.ResponseStandardization.SaccoApiTest" assertions="4" time="0.097867"/>
        <testcase name="sacco responses contain no success key" file="tests\Feature\Api\ResponseStandardization\SaccoApiTest.php::sacco responses contain no success key" class="Tests\Feature\Api\ResponseStandardization\SaccoApiTest" classname="Tests.Feature.Api.ResponseStandardization.SaccoApiTest" assertions="2" time="0.074559"/>
        <testcase name="admin sacco stats returns data wrapper" file="tests\Feature\Api\ResponseStandardization\SaccoApiTest.php::admin sacco stats returns data wrapper" class="Tests\Feature\Api\ResponseStandardization\SaccoApiTest" classname="Tests.Feature.Api.ResponseStandardization.SaccoApiTest" assertions="1" time="0.075600"/>
        <testcase name="admin sacco members returns data" file="tests\Feature\Api\ResponseStandardization\SaccoApiTest.php::admin sacco members returns data" class="Tests\Feature\Api\ResponseStandardization\SaccoApiTest" classname="Tests.Feature.Api.ResponseStandardization.SaccoApiTest" assertions="2" time="0.051293"/>
        <testcase name="admin sacco loans returns data" file="tests\Feature\Api\ResponseStandardization\SaccoApiTest.php::admin sacco loans returns data" class="Tests\Feature\Api\ResponseStandardization\SaccoApiTest" classname="Tests.Feature.Api.ResponseStandardization.SaccoApiTest" assertions="1" time="0.070785"/>
        <testcase name="sacco endpoints return json content type" file="tests\Feature\Api\ResponseStandardization\SaccoApiTest.php::sacco endpoints return json content type" class="Tests\Feature\Api\ResponseStandardization\SaccoApiTest" classname="Tests.Feature.Api.ResponseStandardization.SaccoApiTest" assertions="1" time="0.059560"/>
      </testsuite>
      <testsuite name="Tests\Feature\Api\ResponseStandardization\SongApiTest" file="Song Api (Tests\Feature\Api\ResponseStandardization\SongApi)" tests="7" assertions="37" errors="0" failures="0" skipped="0" time="0.397692">
        <testcase name="List songs returns data wrapper" file="Song Api (Tests\Feature\Api\ResponseStandardization\SongApi)::List songs returns data wrapper" class="Tests\Feature\Api\ResponseStandardization\SongApiTest" classname="Tests.Feature.Api.ResponseStandardization.SongApiTest" assertions="6" time="0.082056"/>
        <testcase name="List songs returns pagination meta" file="Song Api (Tests\Feature\Api\ResponseStandardization\SongApi)::List songs returns pagination meta" class="Tests\Feature\Api\ResponseStandardization\SongApiTest" classname="Tests.Feature.Api.ResponseStandardization.SongApiTest" assertions="8" time="0.062182"/>
        <testcase name="Show song returns resource" file="Song Api (Tests\Feature\Api\ResponseStandardization\SongApi)::Show song returns resource" class="Tests\Feature\Api\ResponseStandardization\SongApiTest" classname="Tests.Feature.Api.ResponseStandardization.SongApiTest" assertions="7" time="0.058718"/>
        <testcase name="Song not found returns json 404" file="Song Api (Tests\Feature\Api\ResponseStandardization\SongApi)::Song not found returns json 404" class="Tests\Feature\Api\ResponseStandardization\SongApiTest" classname="Tests.Feature.Api.ResponseStandardization.SongApiTest" assertions="4" time="0.043863"/>
        <testcase name="Song responses contain no success key" file="Song Api (Tests\Feature\Api\ResponseStandardization\SongApi)::Song responses contain no success key" class="Tests\Feature\Api\ResponseStandardization\SongApiTest" classname="Tests.Feature.Api.ResponseStandardization.SongApiTest" assertions="4" time="0.050149"/>
        <testcase name="Song resource includes artist inline" file="Song Api (Tests\Feature\Api\ResponseStandardization\SongApi)::Song resource includes artist inline" class="Tests\Feature\Api\ResponseStandardization\SongApiTest" classname="Tests.Feature.Api.ResponseStandardization.SongApiTest" assertions="5" time="0.046391"/>
        <testcase name="Songs return json content type" file="Song Api (Tests\Feature\Api\ResponseStandardization\SongApi)::Songs return json content type" class="Tests\Feature\Api\ResponseStandardization\SongApiTest" classname="Tests.Feature.Api.ResponseStandardization.SongApiTest" assertions="3" time="0.054333"/>
      </testsuite>
      <testsuite name="Tests\Feature\Api\ResponseStandardization\StoreApiStandardizationTest" file="tests\Feature\Api\ResponseStandardization\StoreApiStandardizationTest.php" tests="26" assertions="36" errors="0" failures="0" skipped="0" time="1.324236">
        <testcase name="get cart returns data wrapper" file="tests\Feature\Api\ResponseStandardization\StoreApiStandardizationTest.php::get cart returns data wrapper" class="Tests\Feature\Api\ResponseStandardization\StoreApiStandardizationTest" classname="Tests.Feature.Api.ResponseStandardization.StoreApiStandardizationTest" assertions="3" time="0.058664"/>
        <testcase name="cart contains no success key" file="tests\Feature\Api\ResponseStandardization\StoreApiStandardizationTest.php::cart contains no success key" class="Tests\Feature\Api\ResponseStandardization\StoreApiStandardizationTest" classname="Tests.Feature.Api.ResponseStandardization.StoreApiStandardizationTest" assertions="2" time="0.041781"/>
        <testcase name="list orders returns data" file="tests\Feature\Api\ResponseStandardization\StoreApiStandardizationTest.php::list orders returns data" class="Tests\Feature\Api\ResponseStandardization\StoreApiStandardizationTest" classname="Tests.Feature.Api.ResponseStandardization.StoreApiStandardizationTest" assertions="1" time="0.046825"/>
        <testcase name="orders contain no success key" file="tests\Feature\Api\ResponseStandardization\StoreApiStandardizationTest.php::orders contain no success key" class="Tests\Feature\Api\ResponseStandardization\StoreApiStandardizationTest" classname="Tests.Feature.Api.ResponseStandardization.StoreApiStandardizationTest" assertions="1" time="0.047343"/>
        <testcase name="list promotions returns json" file="tests\Feature\Api\ResponseStandardization\StoreApiStandardizationTest.php::list promotions returns json" class="Tests\Feature\Api\ResponseStandardization\StoreApiStandardizationTest" classname="Tests.Feature.Api.ResponseStandardization.StoreApiStandardizationTest" assertions="1" time="0.052423"/>
        <testcase name="store ajax endpoints return json for unauthenticated" file="tests\Feature\Api\ResponseStandardization\StoreApiStandardizationTest.php::store ajax endpoints return json for unauthenticated" class="Tests\Feature\Api\ResponseStandardization\StoreApiStandardizationTest" classname="Tests.Feature.Api.ResponseStandardization.StoreApiStandardizationTest" assertions="4" time="0.040379"/>
        <testcase name="public stores index returns paginated data" file="tests\Feature\Api\ResponseStandardization\StoreApiStandardizationTest.php::public stores index returns paginated data" class="Tests\Feature\Api\ResponseStandardization\StoreApiStandardizationTest" classname="Tests.Feature.Api.ResponseStandardization.StoreApiStandardizationTest" assertions="1" time="0.053671"/>
        <testcase name="public stores featured returns data" file="tests\Feature\Api\ResponseStandardization\StoreApiStandardizationTest.php::public stores featured returns data" class="Tests\Feature\Api\ResponseStandardization\StoreApiStandardizationTest" classname="Tests.Feature.Api.ResponseStandardization.StoreApiStandardizationTest" assertions="1" time="0.051624"/>
        <testcase name="public store show returns data wrapper" file="tests\Feature\Api\ResponseStandardization\StoreApiStandardizationTest.php::public store show returns data wrapper" class="Tests\Feature\Api\ResponseStandardization\StoreApiStandardizationTest" classname="Tests.Feature.Api.ResponseStandardization.StoreApiStandardizationTest" assertions="1" time="0.047554"/>
        <testcase name="public products index returns paginated data" file="tests\Feature\Api\ResponseStandardization\StoreApiStandardizationTest.php::public products index returns paginated data" class="Tests\Feature\Api\ResponseStandardization\StoreApiStandardizationTest" classname="Tests.Feature.Api.ResponseStandardization.StoreApiStandardizationTest" assertions="1" time="0.050251"/>
        <testcase name="public products featured returns data" file="tests\Feature\Api\ResponseStandardization\StoreApiStandardizationTest.php::public products featured returns data" class="Tests\Feature\Api\ResponseStandardization\StoreApiStandardizationTest" classname="Tests.Feature.Api.ResponseStandardization.StoreApiStandardizationTest" assertions="1" time="0.050204"/>
        <testcase name="public products trending returns data" file="tests\Feature\Api\ResponseStandardization\StoreApiStandardizationTest.php::public products trending returns data" class="Tests\Feature\Api\ResponseStandardization\StoreApiStandardizationTest" classname="Tests.Feature.Api.ResponseStandardization.StoreApiStandardizationTest" assertions="1" time="0.049529"/>
        <testcase name="public product show returns data wrapper" file="tests\Feature\Api\ResponseStandardization\StoreApiStandardizationTest.php::public product show returns data wrapper" class="Tests\Feature\Api\ResponseStandardization\StoreApiStandardizationTest" classname="Tests.Feature.Api.ResponseStandardization.StoreApiStandardizationTest" assertions="1" time="0.049803"/>
        <testcase name="product availability returns data wrapper" file="tests\Feature\Api\ResponseStandardization\StoreApiStandardizationTest.php::product availability returns data wrapper" class="Tests\Feature\Api\ResponseStandardization\StoreApiStandardizationTest" classname="Tests.Feature.Api.ResponseStandardization.StoreApiStandardizationTest" assertions="1" time="0.040030"/>
        <testcase name="product reviews returns data" file="tests\Feature\Api\ResponseStandardization\StoreApiStandardizationTest.php::product reviews returns data" class="Tests\Feature\Api\ResponseStandardization\StoreApiStandardizationTest" classname="Tests.Feature.Api.ResponseStandardization.StoreApiStandardizationTest" assertions="1" time="0.051009"/>
        <testcase name="public store endpoints contain no success key" file="tests\Feature\Api\ResponseStandardization\StoreApiStandardizationTest.php::public store endpoints contain no success key" class="Tests\Feature\Api\ResponseStandardization\StoreApiStandardizationTest" classname="Tests.Feature.Api.ResponseStandardization.StoreApiStandardizationTest" assertions="2" time="0.043337"/>
        <testcase name="store cart requires authentication" file="tests\Feature\Api\ResponseStandardization\StoreApiStandardizationTest.php::store cart requires authentication" class="Tests\Feature\Api\ResponseStandardization\StoreApiStandardizationTest" classname="Tests.Feature.Api.ResponseStandardization.StoreApiStandardizationTest" assertions="1" time="0.049016"/>
        <testcase name="store orders requires authentication" file="tests\Feature\Api\ResponseStandardization\StoreApiStandardizationTest.php::store orders requires authentication" class="Tests\Feature\Api\ResponseStandardization\StoreApiStandardizationTest" classname="Tests.Feature.Api.ResponseStandardization.StoreApiStandardizationTest" assertions="1" time="0.050047"/>
        <testcase name="seller store creation requires auth" file="tests\Feature\Api\ResponseStandardization\StoreApiStandardizationTest.php::seller store creation requires auth" class="Tests\Feature\Api\ResponseStandardization\StoreApiStandardizationTest" classname="Tests.Feature.Api.ResponseStandardization.StoreApiStandardizationTest" assertions="1" time="0.049866"/>
        <testcase name="admin store stats returns data wrapper" file="tests\Feature\Api\ResponseStandardization\StoreApiStandardizationTest.php::admin store stats returns data wrapper" class="Tests\Feature\Api\ResponseStandardization\StoreApiStandardizationTest" classname="Tests.Feature.Api.ResponseStandardization.StoreApiStandardizationTest" assertions="1" time="0.053814"/>
        <testcase name="admin store products returns paginated data" file="tests\Feature\Api\ResponseStandardization\StoreApiStandardizationTest.php::admin store products returns paginated data" class="Tests\Feature\Api\ResponseStandardization\StoreApiStandardizationTest" classname="Tests.Feature.Api.ResponseStandardization.StoreApiStandardizationTest" assertions="1" time="0.047060"/>
        <testcase name="admin store orders returns paginated data" file="tests\Feature\Api\ResponseStandardization\StoreApiStandardizationTest.php::admin store orders returns paginated data" class="Tests\Feature\Api\ResponseStandardization\StoreApiStandardizationTest" classname="Tests.Feature.Api.ResponseStandardization.StoreApiStandardizationTest" assertions="1" time="0.065338"/>
        <testcase name="admin store shops returns data" file="tests\Feature\Api\ResponseStandardization\StoreApiStandardizationTest.php::admin store shops returns data" class="Tests\Feature\Api\ResponseStandardization\StoreApiStandardizationTest" classname="Tests.Feature.Api.ResponseStandardization.StoreApiStandardizationTest" assertions="1" time="0.066851"/>
        <testcase name="admin store analytics returns data" file="tests\Feature\Api\ResponseStandardization\StoreApiStandardizationTest.php::admin store analytics returns data" class="Tests\Feature\Api\ResponseStandardization\StoreApiStandardizationTest" classname="Tests.Feature.Api.ResponseStandardization.StoreApiStandardizationTest" assertions="1" time="0.048576"/>
        <testcase name="admin store responses contain no success key" file="tests\Feature\Api\ResponseStandardization\StoreApiStandardizationTest.php::admin store responses contain no success key" class="Tests\Feature\Api\ResponseStandardization\StoreApiStandardizationTest" classname="Tests.Feature.Api.ResponseStandardization.StoreApiStandardizationTest" assertions="3" time="0.062381"/>
        <testcase name="all store endpoints return json content type" file="tests\Feature\Api\ResponseStandardization\StoreApiStandardizationTest.php::all store endpoints return json content type" class="Tests\Feature\Api\ResponseStandardization\StoreApiStandardizationTest" classname="Tests.Feature.Api.ResponseStandardization.StoreApiStandardizationTest" assertions="2" time="0.056862"/>
      </testsuite>
    </testsuite>
  </testsuite>
</testsuites>
