<?xml version="1.0" encoding="UTF-8"?>
<testsuites>
  <testsuite name="CLI Arguments" tests="88" assertions="148" errors="0" failures="0" skipped="0" time="19.486574">
    <testsuite name="Tests\Unit\Services\Loyalty\LoyaltyPointsServiceTest" file="Loyalty Points Service (Tests\Unit\Services\Loyalty\LoyaltyPointsService)" tests="7" assertions="24" errors="0" failures="0" skipped="0" time="7.654691">
      <testcase name="Award points creates transaction and updates balance" file="Loyalty Points Service (Tests\Unit\Services\Loyalty\LoyaltyPointsService)::Award points creates transaction and updates balance" class="Tests\Unit\Services\Loyalty\LoyaltyPointsServiceTest" classname="Tests.Unit.Services.Loyalty.LoyaltyPointsServiceTest" assertions="9" time="6.548156"/>
      <testcase name="Award points applies multiplier from active membership" file="Loyalty Points Service (Tests\Unit\Services\Loyalty\LoyaltyPointsService)::Award points applies multiplier from active membership" class="Tests\Unit\Services\Loyalty\LoyaltyPointsServiceTest" classname="Tests.Unit.Services.Loyalty.LoyaltyPointsServiceTest" assertions="1" time="0.466935"/>
      <testcase name="Spend points deducts balance" file="Loyalty Points Service (Tests\Unit\Services\Loyalty\LoyaltyPointsService)::Spend points deducts balance" class="Tests\Unit\Services\Loyalty\LoyaltyPointsServiceTest" classname="Tests.Unit.Services.Loyalty.LoyaltyPointsServiceTest" assertions="4" time="0.121654"/>
      <testcase name="Spend points throws when insufficient balance" file="Loyalty Points Service (Tests\Unit\Services\Loyalty\LoyaltyPointsService)::Spend points throws when insufficient balance" class="Tests\Unit\Services\Loyalty\LoyaltyPointsServiceTest" classname="Tests.Unit.Services.Loyalty.LoyaltyPointsServiceTest" assertions="1" time="0.174185"/>
      <testcase name="Convert to credits spends points and returns result" file="Loyalty Points Service (Tests\Unit\Services\Loyalty\LoyaltyPointsService)::Convert to credits spends points and returns result" class="Tests\Unit\Services\Loyalty\LoyaltyPointsServiceTest" classname="Tests.Unit.Services.Loyalty.LoyaltyPointsServiceTest" assertions="3" time="0.101027"/>
      <testcase name="Get balance returns correct data" file="Loyalty Points Service (Tests\Unit\Services\Loyalty\LoyaltyPointsService)::Get balance returns correct data" class="Tests\Unit\Services\Loyalty\LoyaltyPointsServiceTest" classname="Tests.Unit.Services.Loyalty.LoyaltyPointsServiceTest" assertions="4" time="0.103621"/>
      <testcase name="Get balance creates record if missing" file="Loyalty Points Service (Tests\Unit\Services\Loyalty\LoyaltyPointsService)::Get balance creates record if missing" class="Tests\Unit\Services\Loyalty\LoyaltyPointsServiceTest" classname="Tests.Unit.Services.Loyalty.LoyaltyPointsServiceTest" assertions="2" time="0.139113"/>
    </testsuite>
    <testsuite name="Tests\Unit\Services\Loyalty\MembershipServiceTest" file="Membership Service (Tests\Unit\Services\Loyalty\MembershipService)" tests="9" assertions="16" errors="0" failures="0" skipped="0" time="0.995397">
      <testcase name="Subscribe creates active membership" file="Membership Service (Tests\Unit\Services\Loyalty\MembershipService)::Subscribe creates active membership" class="Tests\Unit\Services\Loyalty\MembershipServiceTest" classname="Tests.Unit.Services.Loyalty.MembershipServiceTest" assertions="5" time="0.131891"/>
      <testcase name="Subscribe throws when card not active" file="Membership Service (Tests\Unit\Services\Loyalty\MembershipService)::Subscribe throws when card not active" class="Tests\Unit\Services\Loyalty\MembershipServiceTest" classname="Tests.Unit.Services.Loyalty.MembershipServiceTest" assertions="2" time="0.139187"/>
      <testcase name="Subscribe throws for invalid tier" file="Membership Service (Tests\Unit\Services\Loyalty\MembershipService)::Subscribe throws for invalid tier" class="Tests\Unit\Services\Loyalty\MembershipServiceTest" classname="Tests.Unit.Services.Loyalty.MembershipServiceTest" assertions="2" time="0.089228"/>
      <testcase name="Subscribe throws for duplicate active membership" file="Membership Service (Tests\Unit\Services\Loyalty\MembershipService)::Subscribe throws for duplicate active membership" class="Tests\Unit\Services\Loyalty\MembershipServiceTest" classname="Tests.Unit.Services.Loyalty.MembershipServiceTest" assertions="2" time="0.105215"/>
      <testcase name="Cancel sets status to cancelled" file="Membership Service (Tests\Unit\Services\Loyalty\MembershipService)::Cancel sets status to cancelled" class="Tests\Unit\Services\Loyalty\MembershipServiceTest" classname="Tests.Unit.Services.Loyalty.MembershipServiceTest" assertions="1" time="0.125133"/>
      <testcase name="Renew extends expiry" file="Membership Service (Tests\Unit\Services\Loyalty\MembershipService)::Renew extends expiry" class="Tests\Unit\Services\Loyalty\MembershipServiceTest" classname="Tests.Unit.Services.Loyalty.MembershipServiceTest" assertions="1" time="0.099417"/>
      <testcase name="Change tier updates tier" file="Membership Service (Tests\Unit\Services\Loyalty\MembershipService)::Change tier updates tier" class="Tests\Unit\Services\Loyalty\MembershipServiceTest" classname="Tests.Unit.Services.Loyalty.MembershipServiceTest" assertions="1" time="0.104295"/>
      <testcase name="Change tier throws for invalid tier" file="Membership Service (Tests\Unit\Services\Loyalty\MembershipService)::Change tier throws for invalid tier" class="Tests\Unit\Services\Loyalty\MembershipServiceTest" classname="Tests.Unit.Services.Loyalty.MembershipServiceTest" assertions="1" time="0.098964"/>
      <testcase name="Subscribe increments total members" file="Membership Service (Tests\Unit\Services\Loyalty\MembershipService)::Subscribe increments total members" class="Tests\Unit\Services\Loyalty\MembershipServiceTest" classname="Tests.Unit.Services.Loyalty.MembershipServiceTest" assertions="1" time="0.102068"/>
    </testsuite>
    <testsuite name="Tests\Unit\Services\Loyalty\RewardServiceTest" file="Reward Service (Tests\Unit\Services\Loyalty\RewardService)" tests="7" assertions="12" errors="0" failures="0" skipped="0" time="0.832946">
      <testcase name="Get available rewards returns tier eligible" file="Reward Service (Tests\Unit\Services\Loyalty\RewardService)::Get available rewards returns tier eligible" class="Tests\Unit\Services\Loyalty\RewardServiceTest" classname="Tests.Unit.Services.Loyalty.RewardServiceTest" assertions="2" time="0.206824"/>
      <testcase name="Redeem reward creates redemption" file="Reward Service (Tests\Unit\Services\Loyalty\RewardService)::Redeem reward creates redemption" class="Tests\Unit\Services\Loyalty\RewardServiceTest" classname="Tests.Unit.Services.Loyalty.RewardServiceTest" assertions="3" time="0.110886"/>
      <testcase name="Redeem reward spends points" file="Reward Service (Tests\Unit\Services\Loyalty\RewardService)::Redeem reward spends points" class="Tests\Unit\Services\Loyalty\RewardServiceTest" classname="Tests.Unit.Services.Loyalty.RewardServiceTest" assertions="1" time="0.101163"/>
      <testcase name="Redeem reward throws when tier insufficient" file="Reward Service (Tests\Unit\Services\Loyalty\RewardService)::Redeem reward throws when tier insufficient" class="Tests\Unit\Services\Loyalty\RewardServiceTest" classname="Tests.Unit.Services.Loyalty.RewardServiceTest" assertions="1" time="0.131069"/>
      <testcase name="Redeem reward throws when inactive" file="Reward Service (Tests\Unit\Services\Loyalty\RewardService)::Redeem reward throws when inactive" class="Tests\Unit\Services\Loyalty\RewardServiceTest" classname="Tests.Unit.Services.Loyalty.RewardServiceTest" assertions="1" time="0.101957"/>
      <testcase name="Cancel redemption decrements counter" file="Reward Service (Tests\Unit\Services\Loyalty\RewardService)::Cancel redemption decrements counter" class="Tests\Unit\Services\Loyalty\RewardServiceTest" classname="Tests.Unit.Services.Loyalty.RewardServiceTest" assertions="2" time="0.090485"/>
      <testcase name="Fulfil redemption sets fulfilled status" file="Reward Service (Tests\Unit\Services\Loyalty\RewardService)::Fulfil redemption sets fulfilled status" class="Tests\Unit\Services\Loyalty\RewardServiceTest" classname="Tests.Unit.Services.Loyalty.RewardServiceTest" assertions="2" time="0.090563"/>
    </testsuite>
    <testsuite name="Tests\Unit\Services\Loyalty\TierAccessServiceTest" file="Tier Access Service (Tests\Unit\Services\Loyalty\TierAccessService)" tests="7" assertions="7" errors="0" failures="0" skipped="0" time="0.792062">
      <testcase name="Can access event without tier requirement" file="Tier Access Service (Tests\Unit\Services\Loyalty\TierAccessService)::Can access event without tier requirement" class="Tests\Unit\Services\Loyalty\TierAccessServiceTest" classname="Tests.Unit.Services.Loyalty.TierAccessServiceTest" assertions="1" time="0.140755"/>
      <testcase name="Cannot access tier gated event without membership" file="Tier Access Service (Tests\Unit\Services\Loyalty\TierAccessService)::Cannot access tier gated event without membership" class="Tests\Unit\Services\Loyalty\TierAccessServiceTest" classname="Tests.Unit.Services.Loyalty.TierAccessServiceTest" assertions="1" time="0.174523"/>
      <testcase name="Can access tier gated event with qualifying membership" file="Tier Access Service (Tests\Unit\Services\Loyalty\TierAccessService)::Can access tier gated event with qualifying membership" class="Tests\Unit\Services\Loyalty\TierAccessServiceTest" classname="Tests.Unit.Services.Loyalty.TierAccessServiceTest" assertions="1" time="0.101552"/>
      <testcase name="Cannot access with lower tier" file="Tier Access Service (Tests\Unit\Services\Loyalty\TierAccessService)::Cannot access with lower tier" class="Tests\Unit\Services\Loyalty\TierAccessServiceTest" classname="Tests.Unit.Services.Loyalty.TierAccessServiceTest" assertions="1" time="0.086512"/>
      <testcase name="Get user tier for card" file="Tier Access Service (Tests\Unit\Services\Loyalty\TierAccessService)::Get user tier for card" class="Tests\Unit\Services\Loyalty\TierAccessServiceTest" classname="Tests.Unit.Services.Loyalty.TierAccessServiceTest" assertions="1" time="0.096101"/>
      <testcase name="Get user tier returns null without membership" file="Tier Access Service (Tests\Unit\Services\Loyalty\TierAccessService)::Get user tier returns null without membership" class="Tests\Unit\Services\Loyalty\TierAccessServiceTest" classname="Tests.Unit.Services.Loyalty.TierAccessServiceTest" assertions="1" time="0.089896"/>
      <testcase name="Expired membership does not grant access" file="Tier Access Service (Tests\Unit\Services\Loyalty\TierAccessService)::Expired membership does not grant access" class="Tests\Unit\Services\Loyalty\TierAccessServiceTest" classname="Tests.Unit.Services.Loyalty.TierAccessServiceTest" assertions="1" time="0.102723"/>
    </testsuite>
    <testsuite name="Tests\Unit\Models\Loyalty\LoyaltyCardMemberModelTest" file="Loyalty Card Member Model (Tests\Unit\Models\Loyalty\LoyaltyCardMemberModel)" tests="12" assertions="15" errors="0" failures="0" skipped="0" time="1.074890">
      <testcase name="Is active when status active and not expired" file="Loyalty Card Member Model (Tests\Unit\Models\Loyalty\LoyaltyCardMemberModel)::Is active when status active and not expired" class="Tests\Unit\Models\Loyalty\LoyaltyCardMemberModelTest" classname="Tests.Unit.Models.Loyalty.LoyaltyCardMemberModelTest" assertions="1" time="0.098508"/>
      <testcase name="Is not active when expired" file="Loyalty Card Member Model (Tests\Unit\Models\Loyalty\LoyaltyCardMemberModel)::Is not active when expired" class="Tests\Unit\Models\Loyalty\LoyaltyCardMemberModelTest" classname="Tests.Unit.Models.Loyalty.LoyaltyCardMemberModelTest" assertions="2" time="0.086817"/>
      <testcase name="Is not active when cancelled" file="Loyalty Card Member Model (Tests\Unit\Models\Loyalty\LoyaltyCardMemberModel)::Is not active when cancelled" class="Tests\Unit\Models\Loyalty\LoyaltyCardMemberModelTest" classname="Tests.Unit.Models.Loyalty.LoyaltyCardMemberModelTest" assertions="1" time="0.080088"/>
      <testcase name="Tier level returns correct numeric value" file="Loyalty Card Member Model (Tests\Unit\Models\Loyalty\LoyaltyCardMemberModel)::Tier level returns correct numeric value" class="Tests\Unit\Models\Loyalty\LoyaltyCardMemberModelTest" classname="Tests.Unit.Models.Loyalty.LoyaltyCardMemberModelTest" assertions="1" time="0.081930"/>
      <testcase name="Meets or exceeds tier returns true for equal" file="Loyalty Card Member Model (Tests\Unit\Models\Loyalty\LoyaltyCardMemberModel)::Meets or exceeds tier returns true for equal" class="Tests\Unit\Models\Loyalty\LoyaltyCardMemberModelTest" classname="Tests.Unit.Models.Loyalty.LoyaltyCardMemberModelTest" assertions="1" time="0.097457"/>
      <testcase name="Meets or exceeds tier returns true for higher" file="Loyalty Card Member Model (Tests\Unit\Models\Loyalty\LoyaltyCardMemberModel)::Meets or exceeds tier returns true for higher" class="Tests\Unit\Models\Loyalty\LoyaltyCardMemberModelTest" classname="Tests.Unit.Models.Loyalty.LoyaltyCardMemberModelTest" assertions="2" time="0.095563"/>
      <testcase name="Meets or exceeds tier returns false for lower" file="Loyalty Card Member Model (Tests\Unit\Models\Loyalty\LoyaltyCardMemberModel)::Meets or exceeds tier returns false for lower" class="Tests\Unit\Models\Loyalty\LoyaltyCardMemberModelTest" classname="Tests.Unit.Models.Loyalty.LoyaltyCardMemberModelTest" assertions="1" time="0.078626"/>
      <testcase name="Belongs to loyalty card" file="Loyalty Card Member Model (Tests\Unit\Models\Loyalty\LoyaltyCardMemberModel)::Belongs to loyalty card" class="Tests\Unit\Models\Loyalty\LoyaltyCardMemberModelTest" classname="Tests.Unit.Models.Loyalty.LoyaltyCardMemberModelTest" assertions="1" time="0.078057"/>
      <testcase name="Belongs to user" file="Loyalty Card Member Model (Tests\Unit\Models\Loyalty\LoyaltyCardMemberModel)::Belongs to user" class="Tests\Unit\Models\Loyalty\LoyaltyCardMemberModelTest" classname="Tests.Unit.Models.Loyalty.LoyaltyCardMemberModelTest" assertions="1" time="0.083330"/>
      <testcase name="Active scope excludes expired and cancelled" file="Loyalty Card Member Model (Tests\Unit\Models\Loyalty\LoyaltyCardMemberModel)::Active scope excludes expired and cancelled" class="Tests\Unit\Models\Loyalty\LoyaltyCardMemberModelTest" classname="Tests.Unit.Models.Loyalty.LoyaltyCardMemberModelTest" assertions="1" time="0.123998"/>
      <testcase name="Expiring scope finds soon expiring" file="Loyalty Card Member Model (Tests\Unit\Models\Loyalty\LoyaltyCardMemberModel)::Expiring scope finds soon expiring" class="Tests\Unit\Models\Loyalty\LoyaltyCardMemberModelTest" classname="Tests.Unit.Models.Loyalty.LoyaltyCardMemberModelTest" assertions="1" time="0.091425"/>
      <testcase name="Points multiplier returns default when no tier config" file="Loyalty Card Member Model (Tests\Unit\Models\Loyalty\LoyaltyCardMemberModel)::Points multiplier returns default when no tier config" class="Tests\Unit\Models\Loyalty\LoyaltyCardMemberModelTest" classname="Tests.Unit.Models.Loyalty.LoyaltyCardMemberModelTest" assertions="2" time="0.079091"/>
    </testsuite>
    <testsuite name="Tests\Unit\Models\Loyalty\LoyaltyCardModelTest" file="Loyalty Card Model (Tests\Unit\Models\Loyalty\LoyaltyCardModel)" tests="13" assertions="19" errors="0" failures="0" skipped="0" time="1.234572">
      <testcase name="Auto generates uuid on creation" file="Loyalty Card Model (Tests\Unit\Models\Loyalty\LoyaltyCardModel)::Auto generates uuid on creation" class="Tests\Unit\Models\Loyalty\LoyaltyCardModelTest" classname="Tests.Unit.Models.Loyalty.LoyaltyCardModelTest" assertions="2" time="0.142664"/>
      <testcase name="Auto generates slug on creation" file="Loyalty Card Model (Tests\Unit\Models\Loyalty\LoyaltyCardModel)::Auto generates slug on creation" class="Tests\Unit\Models\Loyalty\LoyaltyCardModelTest" classname="Tests.Unit.Models.Loyalty.LoyaltyCardModelTest" assertions="1" time="0.125976"/>
      <testcase name="Route key is slug" file="Loyalty Card Model (Tests\Unit\Models\Loyalty\LoyaltyCardModel)::Route key is slug" class="Tests\Unit\Models\Loyalty\LoyaltyCardModelTest" classname="Tests.Unit.Models.Loyalty.LoyaltyCardModelTest" assertions="1" time="0.063002"/>
      <testcase name="Is active returns true for active status" file="Loyalty Card Model (Tests\Unit\Models\Loyalty\LoyaltyCardModel)::Is active returns true for active status" class="Tests\Unit\Models\Loyalty\LoyaltyCardModelTest" classname="Tests.Unit.Models.Loyalty.LoyaltyCardModelTest" assertions="1" time="0.077963"/>
      <testcase name="Is active returns false for draft status" file="Loyalty Card Model (Tests\Unit\Models\Loyalty\LoyaltyCardModel)::Is active returns false for draft status" class="Tests\Unit\Models\Loyalty\LoyaltyCardModelTest" classname="Tests.Unit.Models.Loyalty.LoyaltyCardModelTest" assertions="1" time="0.080252"/>
      <testcase name="Available tiers returns tier names" file="Loyalty Card Model (Tests\Unit\Models\Loyalty\LoyaltyCardModel)::Available tiers returns tier names" class="Tests\Unit\Models\Loyalty\LoyaltyCardModelTest" classname="Tests.Unit.Models.Loyalty.LoyaltyCardModelTest" assertions="3" time="0.185647"/>
      <testcase name="Tier config returns specific tier" file="Loyalty Card Model (Tests\Unit\Models\Loyalty\LoyaltyCardModel)::Tier config returns specific tier" class="Tests\Unit\Models\Loyalty\LoyaltyCardModelTest" classname="Tests.Unit.Models.Loyalty.LoyaltyCardModelTest" assertions="3" time="0.070506"/>
      <testcase name="Tier config returns null for invalid tier" file="Loyalty Card Model (Tests\Unit\Models\Loyalty\LoyaltyCardModel)::Tier config returns null for invalid tier" class="Tests\Unit\Models\Loyalty\LoyaltyCardModelTest" classname="Tests.Unit.Models.Loyalty.LoyaltyCardModelTest" assertions="1" time="0.069171"/>
      <testcase name="Tier price returns correct price" file="Loyalty Card Model (Tests\Unit\Models\Loyalty\LoyaltyCardModel)::Tier price returns correct price" class="Tests\Unit\Models\Loyalty\LoyaltyCardModelTest" classname="Tests.Unit.Models.Loyalty.LoyaltyCardModelTest" assertions="2" time="0.075433"/>
      <testcase name="Belongs to artist" file="Loyalty Card Model (Tests\Unit\Models\Loyalty\LoyaltyCardModel)::Belongs to artist" class="Tests\Unit\Models\Loyalty\LoyaltyCardModelTest" classname="Tests.Unit.Models.Loyalty.LoyaltyCardModelTest" assertions="1" time="0.073505"/>
      <testcase name="Has many members" file="Loyalty Card Model (Tests\Unit\Models\Loyalty\LoyaltyCardModel)::Has many members" class="Tests\Unit\Models\Loyalty\LoyaltyCardModelTest" classname="Tests.Unit.Models.Loyalty.LoyaltyCardModelTest" assertions="1" time="0.089635"/>
      <testcase name="Has many rewards" file="Loyalty Card Model (Tests\Unit\Models\Loyalty\LoyaltyCardModel)::Has many rewards" class="Tests\Unit\Models\Loyalty\LoyaltyCardModelTest" classname="Tests.Unit.Models.Loyalty.LoyaltyCardModelTest" assertions="1" time="0.080429"/>
      <testcase name="Active scope filters correctly" file="Loyalty Card Model (Tests\Unit\Models\Loyalty\LoyaltyCardModel)::Active scope filters correctly" class="Tests\Unit\Models\Loyalty\LoyaltyCardModelTest" classname="Tests.Unit.Models.Loyalty.LoyaltyCardModelTest" assertions="1" time="0.100391"/>
    </testsuite>
    <testsuite name="Tests\Feature\Api\Loyalty\LoyaltyAdminApiTest" file="Loyalty Admin Api (Tests\Feature\Api\Loyalty\LoyaltyAdminApi)" tests="5" assertions="15" errors="0" failures="0" skipped="0" time="3.819574">
      <testcase name="Admin can list all cards" file="Loyalty Admin Api (Tests\Feature\Api\Loyalty\LoyaltyAdminApi)::Admin can list all cards" class="Tests\Feature\Api\Loyalty\LoyaltyAdminApiTest" classname="Tests.Feature.Api.Loyalty.LoyaltyAdminApiTest" assertions="1" time="3.079577"/>
      <testcase name="Admin can view card detail" file="Loyalty Admin Api (Tests\Feature\Api\Loyalty\LoyaltyAdminApi)::Admin can view card detail" class="Tests\Feature\Api\Loyalty\LoyaltyAdminApiTest" classname="Tests.Feature.Api.Loyalty.LoyaltyAdminApiTest" assertions="1" time="0.099915"/>
      <testcase name="Admin can approve card" file="Loyalty Admin Api (Tests\Feature\Api\Loyalty\LoyaltyAdminApi)::Admin can approve card" class="Tests\Feature\Api\Loyalty\LoyaltyAdminApiTest" classname="Tests.Feature.Api.Loyalty.LoyaltyAdminApiTest" assertions="2" time="0.108380"/>
      <testcase name="Admin can suspend card" file="Loyalty Admin Api (Tests\Feature\Api\Loyalty\LoyaltyAdminApi)::Admin can suspend card" class="Tests\Feature\Api\Loyalty\LoyaltyAdminApiTest" classname="Tests.Feature.Api.Loyalty.LoyaltyAdminApiTest" assertions="2" time="0.404082"/>
      <testcase name="Admin can view analytics" file="Loyalty Admin Api (Tests\Feature\Api\Loyalty\LoyaltyAdminApi)::Admin can view analytics" class="Tests\Feature\Api\Loyalty\LoyaltyAdminApiTest" classname="Tests.Feature.Api.Loyalty.LoyaltyAdminApiTest" assertions="9" time="0.127620"/>
    </testsuite>
    <testsuite name="Tests\Feature\Api\Loyalty\LoyaltyCardApiTest" file="Loyalty Card Api (Tests\Feature\Api\Loyalty\LoyaltyCardApi)" tests="17" assertions="23" errors="0" failures="0" skipped="0" time="2.046887">
      <testcase name="Public can list loyalty cards" file="Loyalty Card Api (Tests\Feature\Api\Loyalty\LoyaltyCardApi)::Public can list loyalty cards" class="Tests\Feature\Api\Loyalty\LoyaltyCardApiTest" classname="Tests.Feature.Api.Loyalty.LoyaltyCardApiTest" assertions="1" time="0.133846"/>
      <testcase name="Public can view loyalty card by slug" file="Loyalty Card Api (Tests\Feature\Api\Loyalty\LoyaltyCardApi)::Public can view loyalty card by slug" class="Tests\Feature\Api\Loyalty\LoyaltyCardApiTest" classname="Tests.Feature.Api.Loyalty.LoyaltyCardApiTest" assertions="1" time="0.088732"/>
      <testcase name="Public cannot view draft card" file="Loyalty Card Api (Tests\Feature\Api\Loyalty\LoyaltyCardApi)::Public cannot view draft card" class="Tests\Feature\Api\Loyalty\LoyaltyCardApiTest" classname="Tests.Feature.Api.Loyalty.LoyaltyCardApiTest" assertions="1" time="0.228134"/>
      <testcase name="Fan can join loyalty card" file="Loyalty Card Api (Tests\Feature\Api\Loyalty\LoyaltyCardApi)::Fan can join loyalty card" class="Tests\Feature\Api\Loyalty\LoyaltyCardApiTest" classname="Tests.Feature.Api.Loyalty.LoyaltyCardApiTest" assertions="3" time="0.179511"/>
      <testcase name="Fan cannot join same card twice" file="Loyalty Card Api (Tests\Feature\Api\Loyalty\LoyaltyCardApi)::Fan cannot join same card twice" class="Tests\Feature\Api\Loyalty\LoyaltyCardApiTest" classname="Tests.Feature.Api.Loyalty.LoyaltyCardApiTest" assertions="1" time="0.166219"/>
      <testcase name="Fan can view available rewards" file="Loyalty Card Api (Tests\Feature\Api\Loyalty\LoyaltyCardApi)::Fan can view available rewards" class="Tests\Feature\Api\Loyalty\LoyaltyCardApiTest" classname="Tests.Feature.Api.Loyalty.LoyaltyCardApiTest" assertions="1" time="0.096343"/>
      <testcase name="Fan can redeem reward" file="Loyalty Card Api (Tests\Feature\Api\Loyalty\LoyaltyCardApi)::Fan can redeem reward" class="Tests\Feature\Api\Loyalty\LoyaltyCardApiTest" classname="Tests.Feature.Api.Loyalty.LoyaltyCardApiTest" assertions="1" time="0.101637"/>
      <testcase name="Unauthenticated cannot join" file="Loyalty Card Api (Tests\Feature\Api\Loyalty\LoyaltyCardApi)::Unauthenticated cannot join" class="Tests\Feature\Api\Loyalty\LoyaltyCardApiTest" classname="Tests.Feature.Api.Loyalty.LoyaltyCardApiTest" assertions="1" time="0.076593"/>
      <testcase name="Artist can list own cards" file="Loyalty Card Api (Tests\Feature\Api\Loyalty\LoyaltyCardApi)::Artist can list own cards" class="Tests\Feature\Api\Loyalty\LoyaltyCardApiTest" classname="Tests.Feature.Api.Loyalty.LoyaltyCardApiTest" assertions="1" time="0.213096"/>
      <testcase name="Artist can create loyalty card" file="Loyalty Card Api (Tests\Feature\Api\Loyalty\LoyaltyCardApi)::Artist can create loyalty card" class="Tests\Feature\Api\Loyalty\LoyaltyCardApiTest" classname="Tests.Feature.Api.Loyalty.LoyaltyCardApiTest" assertions="2" time="0.102218"/>
      <testcase name="Artist can update loyalty card" file="Loyalty Card Api (Tests\Feature\Api\Loyalty\LoyaltyCardApi)::Artist can update loyalty card" class="Tests\Feature\Api\Loyalty\LoyaltyCardApiTest" classname="Tests.Feature.Api.Loyalty.LoyaltyCardApiTest" assertions="2" time="0.086517"/>
      <testcase name="Artist can publish card" file="Loyalty Card Api (Tests\Feature\Api\Loyalty\LoyaltyCardApi)::Artist can publish card" class="Tests\Feature\Api\Loyalty\LoyaltyCardApiTest" classname="Tests.Feature.Api.Loyalty.LoyaltyCardApiTest" assertions="2" time="0.093251"/>
      <testcase name="Artist can view members" file="Loyalty Card Api (Tests\Feature\Api\Loyalty\LoyaltyCardApi)::Artist can view members" class="Tests\Feature\Api\Loyalty\LoyaltyCardApiTest" classname="Tests.Feature.Api.Loyalty.LoyaltyCardApiTest" assertions="1" time="0.120453"/>
      <testcase name="Artist can view analytics" file="Loyalty Card Api (Tests\Feature\Api\Loyalty\LoyaltyCardApi)::Artist can view analytics" class="Tests\Feature\Api\Loyalty\LoyaltyCardApiTest" classname="Tests.Feature.Api.Loyalty.LoyaltyCardApiTest" assertions="1" time="0.090699"/>
      <testcase name="Artist can delete draft card" file="Loyalty Card Api (Tests\Feature\Api\Loyalty\LoyaltyCardApi)::Artist can delete draft card" class="Tests\Feature\Api\Loyalty\LoyaltyCardApiTest" classname="Tests.Feature.Api.Loyalty.LoyaltyCardApiTest" assertions="1" time="0.086293"/>
      <testcase name="Artist can create reward" file="Loyalty Card Api (Tests\Feature\Api\Loyalty\LoyaltyCardApi)::Artist can create reward" class="Tests\Feature\Api\Loyalty\LoyaltyCardApiTest" classname="Tests.Feature.Api.Loyalty.LoyaltyCardApiTest" assertions="2" time="0.097008"/>
      <testcase name="Artist can list rewards" file="Loyalty Card Api (Tests\Feature\Api\Loyalty\LoyaltyCardApi)::Artist can list rewards" class="Tests\Feature\Api\Loyalty\LoyaltyCardApiTest" classname="Tests.Feature.Api.Loyalty.LoyaltyCardApiTest" assertions="1" time="0.086339"/>
    </testsuite>
    <testsuite name="Tests\Feature\Api\Loyalty\MembershipApiTest" file="Membership Api (Tests\Feature\Api\Loyalty\MembershipApi)" tests="11" assertions="17" errors="0" failures="0" skipped="0" time="1.035556">
      <testcase name="Fan can list memberships" file="Membership Api (Tests\Feature\Api\Loyalty\MembershipApi)::Fan can list memberships" class="Tests\Feature\Api\Loyalty\MembershipApiTest" classname="Tests.Feature.Api.Loyalty.MembershipApiTest" assertions="1" time="0.115015"/>
      <testcase name="Fan can view membership detail" file="Membership Api (Tests\Feature\Api\Loyalty\MembershipApi)::Fan can view membership detail" class="Tests\Feature\Api\Loyalty\MembershipApiTest" classname="Tests.Feature.Api.Loyalty.MembershipApiTest" assertions="1" time="0.090843"/>
      <testcase name="Fan cannot view other users membership" file="Membership Api (Tests\Feature\Api\Loyalty\MembershipApi)::Fan cannot view other users membership" class="Tests\Feature\Api\Loyalty\MembershipApiTest" classname="Tests.Feature.Api.Loyalty.MembershipApiTest" assertions="1" time="0.100385"/>
      <testcase name="Fan can toggle auto renew" file="Membership Api (Tests\Feature\Api\Loyalty\MembershipApi)::Fan can toggle auto renew" class="Tests\Feature\Api\Loyalty\MembershipApiTest" classname="Tests.Feature.Api.Loyalty.MembershipApiTest" assertions="2" time="0.095163"/>
      <testcase name="Fan can cancel membership" file="Membership Api (Tests\Feature\Api\Loyalty\MembershipApi)::Fan can cancel membership" class="Tests\Feature\Api\Loyalty\MembershipApiTest" classname="Tests.Feature.Api.Loyalty.MembershipApiTest" assertions="2" time="0.094159"/>
      <testcase name="Fan can renew membership" file="Membership Api (Tests\Feature\Api\Loyalty\MembershipApi)::Fan can renew membership" class="Tests\Feature\Api\Loyalty\MembershipApiTest" classname="Tests.Feature.Api.Loyalty.MembershipApiTest" assertions="1" time="0.087679"/>
      <testcase name="Fan can view points balance" file="Membership Api (Tests\Feature\Api\Loyalty\MembershipApi)::Fan can view points balance" class="Tests\Feature\Api\Loyalty\MembershipApiTest" classname="Tests.Feature.Api.Loyalty.MembershipApiTest" assertions="2" time="0.091044"/>
      <testcase name="Fan can view transaction history" file="Membership Api (Tests\Feature\Api\Loyalty\MembershipApi)::Fan can view transaction history" class="Tests\Feature\Api\Loyalty\MembershipApiTest" classname="Tests.Feature.Api.Loyalty.MembershipApiTest" assertions="1" time="0.100406"/>
      <testcase name="Fan can convert points to credits" file="Membership Api (Tests\Feature\Api\Loyalty\MembershipApi)::Fan can convert points to credits" class="Tests\Feature\Api\Loyalty\MembershipApiTest" classname="Tests.Feature.Api.Loyalty.MembershipApiTest" assertions="4" time="0.087019"/>
      <testcase name="Fan cannot convert more points than balance" file="Membership Api (Tests\Feature\Api\Loyalty\MembershipApi)::Fan cannot convert more points than balance" class="Tests\Feature\Api\Loyalty\MembershipApiTest" classname="Tests.Feature.Api.Loyalty.MembershipApiTest" assertions="1" time="0.085373"/>
      <testcase name="Unauthenticated cannot access points" file="Membership Api (Tests\Feature\Api\Loyalty\MembershipApi)::Unauthenticated cannot access points" class="Tests\Feature\Api\Loyalty\MembershipApiTest" classname="Tests.Feature.Api.Loyalty.MembershipApiTest" assertions="1" time="0.088469"/>
    </testsuite>
  </testsuite>
</testsuites>
